#
# A fatal error has been detected by the Java Runtime Environment:
#
#  EXCEPTION_ACCESS_VIOLATION (0xc0000005) at pc=0x00007ffc9b61c53a, pid=64280, tid=43264
#
# JRE version: Java(TM) SE Runtime Environment (17.0.1+12) (build 17.0.1+12-LTS-39)
# Java VM: Java HotSpot(TM) 64-Bit Server VM (17.0.1+12-LTS-39, mixed mode, sharing, tiered, compressed oops, compressed class ptrs, g1 gc, windows-amd64)
# Problematic frame:
# C  [lwjgl_opengl.dll+0xc53a]
#
# No core dump will be written. Minidumps are not enabled by default on client versions of Windows
#
# If you would like to submit a bug report, please visit:
#   https://bugreport.java.com/bugreport/crash.jsp
# The crash happened outside the Java Virtual Machine in native code.
# See problematic frame for where to report the bug.
#

---------------  S U M M A R Y ------------

Command Line: -Dfabric.dli.config=C:\Users\Administrator\Desktop\lastcentury-1.20.4\.gradle\loom-cache\launch.cfg -Dfabric.dli.env=client -Dfabric.dli.main=net.fabricmc.loader.impl.launch.knot.KnotClient -javaagent:C:\Program Files\JetBrains\IntelliJ IDEA Community Edition 2023.1.3\lib\idea_rt.jar=56559:C:\Program Files\JetBrains\IntelliJ IDEA Community Edition 2023.1.3\bin -Dfile.encoding=UTF-8 net.fabricmc.devlaunchinjector.Main

Host: AMD Ryzen 9 5950X 16-Core Processor            , 32 cores, 63G,  Windows 10 , 64 bit Build 22621 (10.0.22621.436)
Time: Sun Jul 14 06:45:50 2024  Windows 10 , 64 bit Build 22621 (10.0.22621.436) elapsed time: 12.282730 seconds (0d 0h 0m 12s)

---------------  T H R E A D  ---------------

Current thread (0x000002054f571410):  JavaThread "Render thread" [_thread_in_native, id=43264, stack(0x000000eb8ae00000,0x000000eb8af00000)]

Stack: [0x000000eb8ae00000,0x000000eb8af00000],  sp=0x000000eb8aefeba8,  free space=1018k
Native frames: (J=compiled Java code, j=interpreted, Vv=VM code, C=native code)
C  [lwjgl_opengl.dll+0xc53a]

Java frames: (J=compiled Java code, j=interpreted, Vv=VM code)
j  org.lwjgl.opengl.GL11C.glEnable(I)V+0
j  com.lastcentury.LastCenturyClient.onInitializeClient()V+131
j  net.fabricmc.loader.impl.game.minecraft.Hooks$$Lambda$4850+0x0000000801364eb8.accept(Ljava/lang/Object;)V+4
j  net.fabricmc.loader.impl.FabricLoaderImpl.invokeEntrypoints(Ljava/lang/String;Ljava/lang/Class;Ljava/util/function/Consumer;)V+93
j  net.fabricmc.loader.impl.game.minecraft.Hooks.startClient(Ljava/io/File;Ljava/lang/Object;)V+50
j  net.minecraft.client.MinecraftClient.<init>(Lnet/minecraft/client/RunArgs;)V+589
j  net.minecraft.client.main.Main.main([Ljava/lang/String;)V+1484
j  java.lang.invoke.LambdaForm$DMH+0x0000000800e58000.invokeStaticInit(Ljava/lang/Object;Ljava/lang/Object;)V+10 java.base@17.0.1
j  java.lang.invoke.LambdaForm$MH+0x0000000800c02400.invokeExact_MT(Ljava/lang/Object;Ljava/lang/Object;Ljava/lang/Object;)V+19 java.base@17.0.1
j  net.fabricmc.loader.impl.game.minecraft.MinecraftGameProvider.launch(Ljava/lang/ClassLoader;)V+74
j  net.fabricmc.loader.impl.launch.knot.Knot.launch([Ljava/lang/String;Lnet/fabricmc/api/EnvType;)V+40
j  net.fabricmc.loader.impl.launch.knot.KnotClient.main([Ljava/lang/String;)V+4
j  java.lang.invoke.LambdaForm$DMH+0x0000000800c01c00.invokeStatic(Ljava/lang/Object;Ljava/lang/Object;)V+10 java.base@17.0.1
j  java.lang.invoke.LambdaForm$MH+0x0000000800c02400.invokeExact_MT(Ljava/lang/Object;Ljava/lang/Object;Ljava/lang/Object;)V+19 java.base@17.0.1
j  net.fabricmc.devlaunchinjector.Main.main([Ljava/lang/String;)V+307
v  ~StubRoutines::call_stub

siginfo: EXCEPTION_ACCESS_VIOLATION (0xc0000005), reading address 0x0000000000000000


Register to memory mapping:

RIP=0x00007ffc9b61c53a lwjgl_opengl.dll
RAX=0x0000020514bff1e0 points into unknown readable memory: 0x0000000000000000 | 00 00 00 00 00 00 00 00
RBX={method} {0x00000205220d5498} 'glEnable' '(I)V' in 'org/lwjgl/opengl/GL11C'
RCX=0x000000000000809d is an unknown value
RDX=0x0 is NULL
RSP=0x000000eb8aefeba8 is pointing into the stack for thread: 0x000002054f571410
RBP=0x000000eb8aefec28 is pointing into the stack for thread: 0x000002054f571410
RSI=0x000000041aef8998 is an oop: [Ljava.lang.Object; 
{0x000000041aef8998} - klass: 'java/lang/Object'[]
 - length: 10
RDI=0x000000041aef8998 is an oop: [Ljava.lang.Object; 
{0x000000041aef8998} - klass: 'java/lang/Object'[]
 - length: 10
R8 =0x000000000000809d is an unknown value
R9 =0x0000000000000002 is an unknown value
R10=0x000002055851d5f2 is at code_begin+946 in an Interpreter codelet
method entry point (kind = native)  [0x000002055851d240, 0x000002055851dbc0]  2432 bytes
R11=0x000000041afa7ef8 is an oop: java.lang.Class 
{0x000000041afa7ef8} - klass: 'java/lang/Class'
 - ---- fields (total size 116 words):
 - private volatile transient 'classRedefinedCount' 'I' @12  0
 - private volatile transient 'cachedConstructor' 'Ljava/lang/reflect/Constructor;' @40  NULL (0)
 - private transient 'name' 'Ljava/lang/String;' @44  "org.lwjgl.opengl.GL11C"{0x000000041afa82a8} (835f5055)
 - private transient 'module' 'Ljava/lang/Module;' @48  a 'java/lang/Module'{0x0000000401356b40} (8026ad68)
 - private final 'classLoader' 'Ljava/lang/ClassLoader;' @52  a 'net/fabricmc/loader/impl/launch/knot/KnotClassLoader'{0x0000000401356ae0} (8026ad5c)
 - private transient 'classData' 'Ljava/lang/Object;' @56  NULL (0)
 - private transient 'packageName' 'Ljava/lang/String;' @60  "org.lwjgl.opengl"{0x000000041afa7b58} (835f4f6b)
 - private final 'componentType' 'Ljava/lang/Class;' @64  NULL (0)
 - private volatile transient 'reflectionData' 'Ljava/lang/ref/SoftReference;' @68  NULL (0)
 - private volatile transient 'genericInfo' 'Lsun/reflect/generics/repository/ClassRepository;' @72  NULL (0)
 - private volatile transient 'enumConstants' '[Ljava/lang/Object;' @76  NULL (0)
 - private volatile transient 'enumConstantDirectory' 'Ljava/util/Map;' @80  NULL (0)
 - private volatile transient 'annotationData' 'Ljava/lang/Class$AnnotationData;' @84  NULL (0)
 - private volatile transient 'annotationType' 'Lsun/reflect/annotation/AnnotationType;' @88  NULL (0)
 - transient 'classValueMap' 'Ljava/lang/ClassValue$ClassValueMap;' @92  NULL (0)
 - signature: Lorg/lwjgl/opengl/GL11C;
 - fake entry for mirror: 'org/lwjgl/opengl/GL11C'
 - fake entry for array: NULL
 - fake entry for oop_size: 116
 - fake entry for static_oop_field_count: 0
 - public static final 'GL_NEVER' 'I' @112  512 (200)
 - public static final 'GL_LESS' 'I' @116  513 (201)
 - public static final 'GL_EQUAL' 'I' @120  514 (202)
 - public static final 'GL_LEQUAL' 'I' @124  515 (203)
 - public static final 'GL_GREATER' 'I' @128  516 (204)
 - public static final 'GL_NOTEQUAL' 'I' @132  517 (205)
 - public static final 'GL_GEQUAL' 'I' @136  518 (206)
 - public static final 'GL_ALWAYS' 'I' @140  519 (207)
 - public static final 'GL_DEPTH_BUFFER_BIT' 'I' @144  256 (100)
 - public static final 'GL_STENCIL_BUFFER_BIT' 'I' @148  1024 (400)
 - public static final 'GL_COLOR_BUFFER_BIT' 'I' @152  16384 (4000)
 - public static final 'GL_POINTS' 'I' @156  0
 - public static final 'GL_LINES' 'I' @160  1
 - public static final 'GL_LINE_LOOP' 'I' @164  2
 - public static final 'GL_LINE_STRIP' 'I' @168  3
 - public static final 'GL_TRIANGLES' 'I' @172  4
 - public static final 'GL_TRIANGLE_STRIP' 'I' @176  5
 - public static final 'GL_TRIANGLE_FAN' 'I' @180  6
 - public static final 'GL_QUADS' 'I' @184  7
 - public static final 'GL_ZERO' 'I' @188  0
 - public static final 'GL_ONE' 'I' @192  1
 - public static final 'GL_SRC_COLOR' 'I' @196  768 (300)
 - public static final 'GL_ONE_MINUS_SRC_COLOR' 'I' @200  769 (301)
 - public static final 'GL_SRC_ALPHA' 'I' @204  770 (302)
 - public static final 'GL_ONE_MINUS_SRC_ALPHA' 'I' @208  771 (303)
 - public static final 'GL_DST_ALPHA' 'I' @212  772 (304)
 - public static final 'GL_ONE_MINUS_DST_ALPHA' 'I' @216  773 (305)
 - public static final 'GL_DST_COLOR' 'I' @220  774 (306)
 - public static final 'GL_ONE_MINUS_DST_COLOR' 'I' @224  775 (307)
 - public static final 'GL_SRC_ALPHA_SATURATE' 'I' @228  776 (308)
 - public static final 'GL_TRUE' 'I' @232  1
 - public static final 'GL_FALSE' 'I' @236  0
 - public static final 'GL_BYTE' 'I' @240  5120 (1400)
 - public static final 'GL_UNSIGNED_BYTE' 'I' @244  5121 (1401)
 - public static final 'GL_SHORT' 'I' @248  5122 (1402)
 - public static final 'GL_UNSIGNED_SHORT' 'I' @252  5123 (1403)
 - public static final 'GL_INT' 'I' @256  5124 (1404)
 - public static final 'GL_UNSIGNED_INT' 'I' @260  5125 (1405)
 - public static final 'GL_FLOAT' 'I' @264  5126 (1406)
 - public static final 'GL_DOUBLE' 'I' @268  5130 (140a)
 - public static final 'GL_NONE' 'I' @272  0
 - public static final 'GL_FRONT_LEFT' 'I' @276  1024 (400)
 - public static final 'GL_FRONT_RIGHT' 'I' @280  1025 (401)
 - public static final 'GL_BACK_LEFT' 'I' @284  1026 (402)
 - public static final 'GL_BACK_RIGHT' 'I' @288  1027 (403)
 - public static final 'GL_FRONT' 'I' @292  1028 (404)
 - public static final 'GL_BACK' 'I' @296  1029 (405)
 - public static final 'GL_LEFT' 'I' @300  1030 (406)
 - public static final 'GL_RIGHT' 'I' @304  1031 (407)
 - public static final 'GL_FRONT_AND_BACK' 'I' @308  1032 (408)
 - public static final 'GL_NO_ERROR' 'I' @312  0
 - public static final 'GL_INVALID_ENUM' 'I' @316  1280 (500)
 - public static final 'GL_INVALID_VALUE' 'I' @320  1281 (501)
 - public static final 'GL_INVALID_OPERATION' 'I' @324  1282 (502)
 - public static final 'GL_STACK_OVERFLOW' 'I' @328  1283 (503)
 - public static final 'GL_STACK_UNDERFLOW' 'I' @332  1284 (504)
 - public static final 'GL_OUT_OF_MEMORY' 'I' @336  1285 (505)
 - public static final 'GL_CW' 'I' @340  2304 (900)
 - public static final 'GL_CCW' 'I' @344  2305 (901)
 - public static final 'GL_POINT_SIZE' 'I' @348  2833 (b11)
 - public static final 'GL_POINT_SIZE_RANGE' 'I' @352  2834 (b12)
 - public static final 'GL_POINT_SIZE_GRANULARITY' 'I' @356  2835 (b13)
 - public static final 'GL_LINE_SMOOTH' 'I' @360  2848 (b20)
 - public static final 'GL_LINE_WIDTH' 'I' @364  2849 (b21)
 - public static final 'GL_LINE_WIDTH_RANGE' 'I' @368  2850 (b22)
 - public static final 'GL_LINE_WIDTH_GRANULARITY' 'I' @372  2851 (b23)
 - public static final 'GL_POLYGON_MODE' 'I' @376  2880 (b40)
 - public static final 'GL_POLYGON_SMOOTH' 'I' @380  2881 (b41)
 - public static final 'GL_CULL_FACE' 'I' @384  2884 (b44)
 - public static final 'GL_CULL_FACE_MODE' 'I' @388  2885 (b45)
 - public static final 'GL_FRONT_FACE' 'I' @392  2886 (b46)
 - public static final 'GL_DEPTH_RANGE' 'I' @396  2928 (b70)
 - public static final 'GL_DEPTH_TEST' 'I' @400  2929 (b71)
 - public static final 'GL_DEPTH_WRITEMASK' 'I' @404  2930 (b72)
 - public static final 'GL_DEPTH_CLEAR_VALUE' 'I' @408  2931 (b73)
 - public static final 'GL_DEPTH_FUNC' 'I' @412  2932 (b74)
 - public static final 'GL_STENCIL_TEST' 'I' @416  2960 (b90)
 - public static final 'GL_STENCIL_CLEAR_VALUE' 'I' @420  2961 (b91)
 - public static final 'GL_STENCIL_FUNC' 'I' @424  2962 (b92)
 - public static final 'GL_STENCIL_VALUE_MASK' 'I' @428  2963 (b93)
 - public static final 'GL_STENCIL_FAIL' 'I' @432  2964 (b94)
 - public static final 'GL_STENCIL_PASS_DEPTH_FAIL' 'I' @436  2965 (b95)
 - public static final 'GL_STENCIL_PASS_DEPTH_PASS' 'I' @440  2966 (b96)
 - public static final 'GL_STENCIL_REF' 'I' @444  2967 (b97)
 - public static final 'GL_STENCIL_WRITEMASK' 'I' @448  2968 (b98)
 - public static final 'GL_VIEWPORT' 'I' @452  2978 (ba2)
 - public static final 'GL_DITHER' 'I' @456  3024 (bd0)
 - public static final 'GL_BLEND_DST' 'I' @460  3040 (be0)
 - public static final 'GL_BLEND_SRC' 'I' @464  3041 (be1)
 - public static final 'GL_BLEND' 'I' @468  3042 (be2)
 - public static final 'GL_LOGIC_OP_MODE' 'I' @472  3056 (bf0)
 - public static final 'GL_COLOR_LOGIC_OP' 'I' @476  3058 (bf2)
 - public static final 'GL_DRAW_BUFFER' 'I' @480  3073 (c01)
 - public static final 'GL_READ_BUFFER' 'I' @484  3074 (c02)
 - public static final 'GL_SCISSOR_BOX' 'I' @488  3088 (c10)
 - public static final 'GL_SCISSOR_TEST' 'I' @492  3089 (c11)
 - public static final 'GL_COLOR_CLEAR_VALUE' 'I' @496  3106 (c22)
 - public static final 'GL_COLOR_WRITEMASK' 'I' @500  3107 (c23)
 - public static final 'GL_DOUBLEBUFFER' 'I' @504  3122 (c32)
 - public static final 'GL_STEREO' 'I' @508  3123 (c33)
 - public static final 'GL_LINE_SMOOTH_HINT' 'I' @512  3154 (c52)
 - public static final 'GL_POLYGON_SMOOTH_HINT' 'I' @516  3155 (c53)
 - public static final 'GL_UNPACK_SWAP_BYTES' 'I' @520  3312 (cf0)
 - public static final 'GL_UNPACK_LSB_FIRST' 'I' @524  3313 (cf1)
 - public static final 'GL_UNPACK_ROW_LENGTH' 'I' @528  3314 (cf2)
 - public static final 'GL_UNPACK_SKIP_ROWS' 'I' @532  3315 (cf3)
 - public static final 'GL_UNPACK_SKIP_PIXELS' 'I' @536  3316 (cf4)
 - public static final 'GL_UNPACK_ALIGNMENT' 'I' @540  3317 (cf5)
 - public static final 'GL_PACK_SWAP_BYTES' 'I' @544  3328 (d00)
 - public static final 'GL_PACK_LSB_FIRST' 'I' @548  3329 (d01)
 - public static final 'GL_PACK_ROW_LENGTH' 'I' @552  3330 (d02)
 - public static final 'GL_PACK_SKIP_ROWS' 'I' @556  3331 (d03)
 - public static final 'GL_PACK_SKIP_PIXELS' 'I' @560  3332 (d04)
 - public static final 'GL_PACK_ALIGNMENT' 'I' @564  3333 (d05)
 - public static final 'GL_MAX_TEXTURE_SIZE' 'I' @568  3379 (d33)
 - public static final 'GL_MAX_VIEWPORT_DIMS' 'I' @572  3386 (d3a)
 - public static final 'GL_SUBPIXEL_BITS' 'I' @576  3408 (d50)
 - public static final 'GL_TEXTURE_1D' 'I' @580  3552 (de0)
 - public static final 'GL_TEXTURE_2D' 'I' @584  3553 (de1)
 - public static final 'GL_TEXTURE_WIDTH' 'I' @588  4096 (1000)
 - public static final 'GL_TEXTURE_HEIGHT' 'I' @592  4097 (1001)
 - public static final 'GL_TEXTURE_INTERNAL_FORMAT' 'I' @596  4099 (1003)
 - public static final 'GL_TEXTURE_BORDER_COLOR' 'I' @600  4100 (1004)
 - public static final 'GL_DONT_CARE' 'I' @604  4352 (1100)
 - public static final 'GL_FASTEST' 'I' @608  4353 (1101)
 - public static final 'GL_NICEST' 'I' @612  4354 (1102)
 - public static final 'GL_CLEAR' 'I' @616  5376 (1500)
 - public static final 'GL_AND' 'I' @620  5377 (1501)
 - public static final 'GL_AND_REVERSE' 'I' @624  5378 (1502)
 - public static final 'GL_COPY' 'I' @628  5379 (1503)
 - public static final 'GL_AND_INVERTED' 'I' @632  5380 (1504)
 - public static final 'GL_NOOP' 'I' @636  5381 (1505)
 - public static final 'GL_XOR' 'I' @640  5382 (1506)
 - public static final 'GL_OR' 'I' @644  5383 (1507)
 - public static final 'GL_NOR' 'I' @648  5384 (1508)
 - public static final 'GL_EQUIV' 'I' @652  5385 (1509)
 - public static final 'GL_INVERT' 'I' @656  5386 (150a)
 - public static final 'GL_OR_REVERSE' 'I' @660  5387 (150b)
 - public static final 'GL_COPY_INVERTED' 'I' @664  5388 (150c)
 - public static final 'GL_OR_INVERTED' 'I' @668  5389 (150d)
 - public static final 'GL_NAND' 'I' @672  5390 (150e)
 - public static final 'GL_SET' 'I' @676  5391 (150f)
 - public static final 'GL_TEXTURE' 'I' @680  5890 (1702)
 - public static final 'GL_COLOR' 'I' @684  6144 (1800)
 - public static final 'GL_DEPTH' 'I' @688  6145 (1801)
 - public static final 'GL_STENCIL' 'I' @692  6146 (1802)
 - public static final 'GL_STENCIL_INDEX' 'I' @696  6401 (1901)
 - public static final 'GL_DEPTH_COMPONENT' 'I' @700  6402 (1902)
 - public static final 'GL_RED' 'I' @704  6403 (1903)
 - public static final 'GL_GREEN' 'I' @708  6404 (1904)
 - public static final 'GL_BLUE' 'I' @712  6405 (1905)
 - public static final 'GL_ALPHA' 'I' @716  6406 (1906)
 - public static final 'GL_RGB' 'I' @720  6407 (1907)
 - public static final 'GL_RGBA' 'I' @724  6408 (1908)
 - public static final 'GL_POINT' 'I' @728  6912 (1b00)
 - public static final 'GL_LINE' 'I' @732  6913 (1b01)
 - public static final 'GL_FILL' 'I' @736  6914 (1b02)
 - public static final 'GL_KEEP' 'I' @740  7680 (1e00)
 - public static final 'GL_REPLACE' 'I' @744  7681 (1e01)
 - public static final 'GL_INCR' 'I' @748  7682 (1e02)
 - public static final 'GL_DECR' 'I' @752  7683 (1e03)
 - public static final 'GL_VENDOR' 'I' @756  7936 (1f00)
 - public static final 'GL_RENDERER' 'I' @760  7937 (1f01)
 - public static final 'GL_VERSION' 'I' @764  7938 (1f02)
 - public static final 'GL_EXTENSIONS' 'I' @768  7939 (1f03)
 - public static final 'GL_NEAREST' 'I' @772  9728 (2600)
 - public static final 'GL_LINEAR' 'I' @776  9729 (2601)
 - public static final 'GL_NEAREST_MIPMAP_NEAREST' 'I' @780  9984 (2700)
 - public static final 'GL_LINEAR_MIPMAP_NEAREST' 'I' @784  9985 (2701)
 - public static final 'GL_NEAREST_MIPMAP_LINEAR' 'I' @788  9986 (2702)
 - public static final 'GL_LINEAR_MIPMAP_LINEAR' 'I' @792  9987 (2703)
 - public static final 'GL_TEXTURE_MAG_FILTER' 'I' @796  10240 (2800)
 - public static final 'GL_TEXTURE_MIN_FILTER' 'I' @800  10241 (2801)
 - public static final 'GL_TEXTURE_WRAP_S' 'I' @804  10242 (2802)
 - public static final 'GL_TEXTURE_WRAP_T' 'I' @808  10243 (2803)
 - public static final 'GL_REPEAT' 'I' @812  10497 (2901)
 - public static final 'GL_POLYGON_OFFSET_FACTOR' 'I' @816  32824 (8038)
 - public static final 'GL_POLYGON_OFFSET_UNITS' 'I' @820  10752 (2a00)
 - public static final 'GL_POLYGON_OFFSET_POINT' 'I' @824  10753 (2a01)
 - public static final 'GL_POLYGON_OFFSET_LINE' 'I' @828  10754 (2a02)
 - public static final 'GL_POLYGON_OFFSET_FILL' 'I' @832  32823 (8037)
 - public static final 'GL_R3_G3_B2' 'I' @836  10768 (2a10)
 - public static final 'GL_RGB4' 'I' @840  32847 (804f)
 - public static final 'GL_RGB5' 'I' @844  32848 (8050)
 - public static final 'GL_RGB8' 'I' @848  32849 (8051)
 - public static final 'GL_RGB10' 'I' @852  32850 (8052)
 - public static final 'GL_RGB12' 'I' @856  32851 (8053)
 - public static final 'GL_RGB16' 'I' @860  32852 (8054)
 - public static final 'GL_RGBA2' 'I' @864  32853 (8055)
 - public static final 'GL_RGBA4' 'I' @868  32854 (8056)
 - public static final 'GL_RGB5_A1' 'I' @872  32855 (8057)
 - public static final 'GL_RGBA8' 'I' @876  32856 (8058)
 - public static final 'GL_RGB10_A2' 'I' @880  32857 (8059)
 - public static final 'GL_RGBA12' 'I' @884  32858 (805a)
 - public static final 'GL_RGBA16' 'I' @888  32859 (805b)
 - public static final 'GL_TEXTURE_RED_SIZE' 'I' @892  32860 (805c)
 - public static final 'GL_TEXTURE_GREEN_SIZE' 'I' @896  32861 (805d)
 - public static final 'GL_TEXTURE_BLUE_SIZE' 'I' @900  32862 (805e)
 - public static final 'GL_TEXTURE_ALPHA_SIZE' 'I' @904  32863 (805f)
 - public static final 'GL_PROXY_TEXTURE_1D' 'I' @908  32867 (8063)
 - public static final 'GL_PROXY_TEXTURE_2D' 'I' @912  32868 (8064)
 - public static final 'GL_TEXTURE_BINDING_1D' 'I' @916  32872 (8068)
 - public static final 'GL_TEXTURE_BINDING_2D' 'I' @920  32873 (8069)
 - public static final 'GL_VERTEX_ARRAY' 'I' @924  32884 (8074)
R12=0x0 is NULL
R13=0x00000205220d5488 is pointing into metadata
R14=0x000000eb8aefec48 is pointing into the stack for thread: 0x000002054f571410
R15=0x000002054f571410 is a thread


Registers:
RAX=0x0000020514bff1e0, RBX=0x00000205220d5490, RCX=0x000000000000809d, RDX=0x0000000000000000
RSP=0x000000eb8aefeba8, RBP=0x000000eb8aefec28, RSI=0x000000041aef8998, RDI=0x000000041aef8998
R8 =0x000000000000809d, R9 =0x0000000000000002, R10=0x000002055851d5f2, R11=0x000000041afa7ef8
R12=0x0000000000000000, R13=0x00000205220d5488, R14=0x000000eb8aefec48, R15=0x000002054f571410
RIP=0x00007ffc9b61c53a, EFLAGS=0x0000000000010206

Top of Stack: (sp=0x000000eb8aefeba8)
0x000000eb8aefeba8:   000002055851d621 00000205220d5490
0x000000eb8aefebb8:   000000041aef8998 000000eb8aefec30
0x000000eb8aefebc8:   0000020558519612 0000020558519612
0x000000eb8aefebd8:   000002055851d2f6 000000eb8aefebe0
0x000000eb8aefebe8:   00000205220d5488 000000eb8aefec48
0x000000eb8aefebf8:   00000205220e0630 0000000000000000
0x000000eb8aefec08:   000000041afa7ef8 00000205220d5490
0x000000eb8aefec18:   0000000000000000 000000eb8aefec48
0x000000eb8aefec28:   000000eb8aefec98 00000205585194fe
0x000000eb8aefec38:   000000041afa7ef8 000002055851af78
0x000000eb8aefec48:   000000000000809d 000000eb8aefec50
0x000000eb8aefec58:   00000205220b1f5b 000000eb8aefecb8
0x000000eb8aefec68:   00000205220b3dc8 0000000000000000
0x000000eb8aefec78:   000000041ac92420 00000205220b1fa8
0x000000eb8aefec88:   000000eb8aefec48 000000eb8aefecb8
0x000000eb8aefec98:   000000eb8aefed08 0000020558519962 

Instructions: (pc=0x00007ffc9b61c53a)
0x00007ffc9b61c43a:   44 24 30 41 8b d1 44 8b 4c 24 38 8b cb 4c 8b 50
0x00007ffc9b61c44a:   18 5b 49 ff a2 40 0a 00 00 cc cc cc cc cc cc cc
0x00007ffc9b61c45a:   cc cc cc cc cc cc 48 8b 01 0f 28 cb f2 0f 10 5c
0x00007ffc9b61c46a:   24 30 0f 28 c2 f2 0f 10 54 24 28 48 8b 48 18 48
0x00007ffc9b61c47a:   ff a1 48 0a 00 00 48 8b 01 49 8b c8 48 8b 50 18
0x00007ffc9b61c48a:   48 ff a2 50 0a 00 00 cc cc cc cc cc cc cc cc cc
0x00007ffc9b61c49a:   cc cc cc cc cc cc 48 8b 01 49 8b c8 48 8b 50 18
0x00007ffc9b61c4aa:   48 ff a2 58 0a 00 00 cc cc cc cc cc cc cc cc cc
0x00007ffc9b61c4ba:   cc cc cc cc cc cc 48 8b 01 49 8b c8 48 8b 50 18
0x00007ffc9b61c4ca:   48 ff a2 60 0a 00 00 cc cc cc cc cc cc cc cc cc
0x00007ffc9b61c4da:   cc cc cc cc cc cc 48 8b 01 49 8b c8 48 8b 50 18
0x00007ffc9b61c4ea:   48 ff a2 68 0a 00 00 cc cc cc cc cc cc cc cc cc
0x00007ffc9b61c4fa:   cc cc cc cc cc cc 40 53 48 8b 01 41 8b d8 44 8b
0x00007ffc9b61c50a:   44 24 30 41 8b d1 4c 8b 4c 24 38 8b cb 4c 8b 50
0x00007ffc9b61c51a:   18 5b 49 ff a2 70 0a 00 00 cc cc cc cc cc cc cc
0x00007ffc9b61c52a:   cc cc cc cc cc cc 48 8b 01 41 8b c8 48 8b 50 18
0x00007ffc9b61c53a:   48 ff 22 cc cc cc 48 8b 01 41 8b c8 48 8b 50 18
0x00007ffc9b61c54a:   48 ff 62 08 cc cc 48 8b 01 41 8b d1 41 8b c8 4c
0x00007ffc9b61c55a:   8b 50 18 49 ff 62 38 cc cc cc cc cc cc cc cc cc
0x00007ffc9b61c56a:   cc cc cc cc cc cc 48 8b 01 41 8b d1 41 8b c8 4c
0x00007ffc9b61c57a:   8b 50 18 49 ff 62 48 cc cc cc cc cc cc cc cc cc
0x00007ffc9b61c58a:   cc cc cc cc cc cc 48 8b 01 41 8b c8 48 8b 50 18
0x00007ffc9b61c59a:   48 ff 62 60 cc cc 48 8b 01 0f 28 cb f3 0f 10 5c
0x00007ffc9b61c5aa:   24 30 0f 28 c2 f3 0f 10 54 24 28 48 8b 48 18 48
0x00007ffc9b61c5ba:   ff 61 70 cc cc cc 48 8b 01 0f 28 c2 48 8b 48 18
0x00007ffc9b61c5ca:   48 ff 61 78 cc cc 48 8b 01 41 8b c8 48 8b 50 18
0x00007ffc9b61c5da:   48 ff a2 88 00 00 00 cc cc cc cc cc cc cc cc cc
0x00007ffc9b61c5ea:   cc cc cc cc cc cc 40 53 48 8b 01 41 0f b6 d8 44
0x00007ffc9b61c5fa:   0f b6 44 24 30 41 0f b6 d1 44 0f b6 4c 24 38 0f
0x00007ffc9b61c60a:   b6 cb 4c 8b 50 18 5b 49 ff a2 98 01 00 00 cc cc
0x00007ffc9b61c61a:   cc cc cc cc cc cc 48 8b 01 41 8b c8 48 8b 50 18
0x00007ffc9b61c62a:   48 ff a2 b8 01 00 00 cc cc cc cc cc cc cc cc cc 


Stack slot to memory mapping:
stack at sp + 0 slots: 0x000002055851d621 is at code_begin+993 in an Interpreter codelet
method entry point (kind = native)  [0x000002055851d240, 0x000002055851dbc0]  2432 bytes
stack at sp + 1 slots: {method} {0x00000205220d5498} 'glEnable' '(I)V' in 'org/lwjgl/opengl/GL11C'
stack at sp + 2 slots: 0x000000041aef8998 is an oop: [Ljava.lang.Object; 
{0x000000041aef8998} - klass: 'java/lang/Object'[]
 - length: 10
stack at sp + 3 slots: 0x000000eb8aefec30 is pointing into the stack for thread: 0x000002054f571410
stack at sp + 4 slots: 0x0000020558519612 is at code_begin+1394 in an Interpreter codelet
return entry points  [0x00000205585190a0, 0x0000020558519ba0]  2816 bytes
stack at sp + 5 slots: 0x0000020558519612 is at code_begin+1394 in an Interpreter codelet
return entry points  [0x00000205585190a0, 0x0000020558519ba0]  2816 bytes
stack at sp + 6 slots: 0x000002055851d2f6 is at code_begin+182 in an Interpreter codelet
method entry point (kind = native)  [0x000002055851d240, 0x000002055851dbc0]  2432 bytes
stack at sp + 7 slots: 0x000000eb8aefebe0 is pointing into the stack for thread: 0x000002054f571410


---------------  P R O C E S S  ---------------

Threads class SMR info:
_java_thread_list=0x0000020519ec8e30, length=28, elements={
0x000002054f571410, 0x000002057f28c8b0, 0x000002057f28d460, 0x0000020512cd73f0,
0x0000020512cdbcd0, 0x0000020512cdc680, 0x0000020512cdd030, 0x0000020512cddd10,
0x0000020512cde7b0, 0x0000020512ce26a0, 0x0000020512dfd8d0, 0x000002057f275a40,
0x000002057f276350, 0x0000020512f30080, 0x000002051390e580, 0x000002051390ea50,
0x00000205149c1190, 0x0000020519b0d100, 0x0000020514e6a3f0, 0x0000020514e68aa0,
0x0000020515918810, 0x00000205186dbb30, 0x00000205186e0c30, 0x00000205186dca60,
0x000002051591a020, 0x000002051591a4f0, 0x000002051591a9c0, 0x0000020515913170
}

Java Threads: ( => current thread )
=>0x000002054f571410 JavaThread "Render thread" [_thread_in_native, id=43264, stack(0x000000eb8ae00000,0x000000eb8af00000)]
  0x000002057f28c8b0 JavaThread "Reference Handler" daemon [_thread_blocked, id=59488, stack(0x000000eb8b500000,0x000000eb8b600000)]
  0x000002057f28d460 JavaThread "Finalizer" daemon [_thread_blocked, id=51132, stack(0x000000eb8b600000,0x000000eb8b700000)]
  0x0000020512cd73f0 JavaThread "Signal Dispatcher" daemon [_thread_blocked, id=58228, stack(0x000000eb8b700000,0x000000eb8b800000)]
  0x0000020512cdbcd0 JavaThread "Attach Listener" daemon [_thread_blocked, id=62196, stack(0x000000eb8b800000,0x000000eb8b900000)]
  0x0000020512cdc680 JavaThread "Service Thread" daemon [_thread_blocked, id=53044, stack(0x000000eb8b900000,0x000000eb8ba00000)]
  0x0000020512cdd030 JavaThread "Monitor Deflation Thread" daemon [_thread_blocked, id=11532, stack(0x000000eb8ba00000,0x000000eb8bb00000)]
  0x0000020512cddd10 JavaThread "C2 CompilerThread0" daemon [_thread_blocked, id=60604, stack(0x000000eb8bb00000,0x000000eb8bc00000)]
  0x0000020512cde7b0 JavaThread "C1 CompilerThread0" daemon [_thread_blocked, id=28360, stack(0x000000eb8bc00000,0x000000eb8bd00000)]
  0x0000020512ce26a0 JavaThread "Sweeper thread" daemon [_thread_blocked, id=35960, stack(0x000000eb8bd00000,0x000000eb8be00000)]
  0x0000020512dfd8d0 JavaThread "Common-Cleaner" daemon [_thread_blocked, id=39544, stack(0x000000eb8be00000,0x000000eb8bf00000)]
  0x000002057f275a40 JavaThread "C1 CompilerThread1" daemon [_thread_blocked, id=45200, stack(0x000000eb8bf00000,0x000000eb8c000000)]
  0x000002057f276350 JavaThread "C1 CompilerThread2" daemon [_thread_blocked, id=40808, stack(0x000000eb8c000000,0x000000eb8c100000)]
  0x0000020512f30080 JavaThread "C1 CompilerThread3" daemon [_thread_blocked, id=19944, stack(0x000000eb8c100000,0x000000eb8c200000)]
  0x000002051390e580 JavaThread "Monitor Ctrl-Break" daemon [_thread_in_native, id=29188, stack(0x000000eb8c300000,0x000000eb8c400000)]
  0x000002051390ea50 JavaThread "Notification Thread" daemon [_thread_blocked, id=49868, stack(0x000000eb8c400000,0x000000eb8c500000)]
  0x00000205149c1190 JavaThread "C1 CompilerThread4" daemon [_thread_blocked, id=35284, stack(0x000000eb8de00000,0x000000eb8df00000)]
  0x0000020519b0d100 JavaThread "JNA Cleaner" daemon [_thread_blocked, id=54600, stack(0x000000eb8e900000,0x000000eb8ea00000)]
  0x0000020514e6a3f0 JavaThread "C2 CompilerThread1" daemon [_thread_blocked, id=64924, stack(0x000000eb8c200000,0x000000eb8c300000)]
  0x0000020514e68aa0 JavaThread "C2 CompilerThread2" daemon [_thread_blocked, id=18140, stack(0x000000eb8c600000,0x000000eb8c700000)]
  0x0000020515918810 JavaThread "Timer hack thread" daemon [_thread_blocked, id=42136, stack(0x000000eb8f400000,0x000000eb8f500000)]
  0x00000205186dbb30 JavaThread "C2 CompilerThread3" daemon [_thread_blocked, id=25488, stack(0x000000eb8f500000,0x000000eb8f600000)]
  0x00000205186e0c30 JavaThread "C2 CompilerThread4" daemon [_thread_blocked, id=53056, stack(0x000000eb8f600000,0x000000eb8f700000)]
  0x00000205186dca60 JavaThread "C2 CompilerThread5" daemon [_thread_blocked, id=46900, stack(0x000000eb8f700000,0x000000eb8f800000)]
  0x000002051591a020 JavaThread "Yggdrasil Key Fetcher" daemon [_thread_blocked, id=51092, stack(0x000000eb8fc00000,0x000000eb8fd00000)]
  0x000002051591a4f0 JavaThread "Download-1" daemon [_thread_blocked, id=65844, stack(0x000000eb8fd00000,0x000000eb8fe00000)]
  0x000002051591a9c0 JavaThread "Download-2" daemon [_thread_in_native, id=59300, stack(0x000000eb8fe00000,0x000000eb8ff00000)]
  0x0000020515913170 JavaThread "Keep-Alive-Timer" daemon [_thread_blocked, id=48652, stack(0x000000eb8f900000,0x000000eb8fa00000)]

Other Threads:
  0x000002057f285ef0 VMThread "VM Thread" [stack: 0x000000eb8b400000,0x000000eb8b500000] [id=26872]
  0x000002057f141440 WatcherThread [stack: 0x000000eb8c500000,0x000000eb8c600000] [id=35172]
  0x000002054f62ca70 GCTaskThread "GC Thread#0" [stack: 0x000000eb8af00000,0x000000eb8b000000] [id=70072]
  0x00000205147373d0 GCTaskThread "GC Thread#1" [stack: 0x000000eb8c800000,0x000000eb8c900000] [id=59016]
  0x00000205149e18a0 GCTaskThread "GC Thread#2" [stack: 0x000000eb8c900000,0x000000eb8ca00000] [id=63136]
  0x00000205149e1b50 GCTaskThread "GC Thread#3" [stack: 0x000000eb8ca00000,0x000000eb8cb00000] [id=68804]
  0x000002051412ed60 GCTaskThread "GC Thread#4" [stack: 0x000000eb8cb00000,0x000000eb8cc00000] [id=15088]
  0x000002051412f010 GCTaskThread "GC Thread#5" [stack: 0x000000eb8cc00000,0x000000eb8cd00000] [id=47512]
  0x0000020514eecb70 GCTaskThread "GC Thread#6" [stack: 0x000000eb8cd00000,0x000000eb8ce00000] [id=70268]
  0x0000020514eedb90 GCTaskThread "GC Thread#7" [stack: 0x000000eb8ce00000,0x000000eb8cf00000] [id=7696]
  0x0000020514eece20 GCTaskThread "GC Thread#8" [stack: 0x000000eb8cf00000,0x000000eb8d000000] [id=44940]
  0x0000020514eed0d0 GCTaskThread "GC Thread#9" [stack: 0x000000eb8d000000,0x000000eb8d100000] [id=51088]
  0x0000020514eec360 GCTaskThread "GC Thread#10" [stack: 0x000000eb8d100000,0x000000eb8d200000] [id=54680]
  0x0000020514eec8c0 GCTaskThread "GC Thread#11" [stack: 0x000000eb8d200000,0x000000eb8d300000] [id=19388]
  0x0000020514eec610 GCTaskThread "GC Thread#12" [stack: 0x000000eb8d300000,0x000000eb8d400000] [id=63944]
  0x0000020514eed380 GCTaskThread "GC Thread#13" [stack: 0x000000eb8d400000,0x000000eb8d500000] [id=66576]
  0x0000020514eed630 GCTaskThread "GC Thread#14" [stack: 0x000000eb8d500000,0x000000eb8d600000] [id=54912]
  0x0000020514eed8e0 GCTaskThread "GC Thread#15" [stack: 0x000000eb8d600000,0x000000eb8d700000] [id=36916]
  0x0000020514eede40 GCTaskThread "GC Thread#16" [stack: 0x000000eb8d700000,0x000000eb8d800000] [id=12636]
  0x000002051440ce80 GCTaskThread "GC Thread#17" [stack: 0x000000eb8d800000,0x000000eb8d900000] [id=44764]
  0x000002051440d130 GCTaskThread "GC Thread#18" [stack: 0x000000eb8d900000,0x000000eb8da00000] [id=30212]
  0x000002051440e150 GCTaskThread "GC Thread#19" [stack: 0x000000eb8da00000,0x000000eb8db00000] [id=13880]
  0x000002051440c670 GCTaskThread "GC Thread#20" [stack: 0x000000eb8db00000,0x000000eb8dc00000] [id=68392]
  0x000002051440c920 GCTaskThread "GC Thread#21" [stack: 0x000000eb8dc00000,0x000000eb8dd00000] [id=55628]
  0x000002051440fc30 GCTaskThread "GC Thread#22" [stack: 0x000000eb8dd00000,0x000000eb8de00000] [id=41168]
  0x000002054f590380 ConcurrentGCThread "G1 Main Marker" [stack: 0x000000eb8b000000,0x000000eb8b100000] [id=22448]
  0x000002057f0b03c0 ConcurrentGCThread "G1 Conc#0" [stack: 0x000000eb8b100000,0x000000eb8b200000] [id=23140]
  0x000002051440f980 ConcurrentGCThread "G1 Conc#1" [stack: 0x000000eb8ea00000,0x000000eb8eb00000] [id=11636]
  0x000002051440ec10 ConcurrentGCThread "G1 Conc#2" [stack: 0x000000eb8eb00000,0x000000eb8ec00000] [id=28688]
  0x000002051440c3c0 ConcurrentGCThread "G1 Conc#3" [stack: 0x000000eb8ec00000,0x000000eb8ed00000] [id=35808]
  0x000002051440eec0 ConcurrentGCThread "G1 Conc#4" [stack: 0x000000eb8ed00000,0x000000eb8ee00000] [id=56916]
  0x000002051440f6d0 ConcurrentGCThread "G1 Conc#5" [stack: 0x000000eb8ee00000,0x000000eb8ef00000] [id=48556]
  0x000002057f25c4f0 ConcurrentGCThread "G1 Refine#0" [stack: 0x000000eb8b200000,0x000000eb8b300000] [id=8172]
  0x0000020519639830 ConcurrentGCThread "G1 Refine#1" [stack: 0x000000eb8e200000,0x000000eb8e300000] [id=50096]
  0x0000020515e06090 ConcurrentGCThread "G1 Refine#2" [stack: 0x000000eb8e300000,0x000000eb8e400000] [id=10680]
  0x0000020514d52c00 ConcurrentGCThread "G1 Refine#3" [stack: 0x000000eb8e400000,0x000000eb8e500000] [id=58972]
  0x0000020519365c60 ConcurrentGCThread "G1 Refine#4" [stack: 0x000000eb8e500000,0x000000eb8e600000] [id=59972]
  0x00000205195a76e0 ConcurrentGCThread "G1 Refine#5" [stack: 0x000000eb8e600000,0x000000eb8e700000] [id=61912]
  0x000002051c65dea0 ConcurrentGCThread "G1 Refine#6" [stack: 0x000000eb8f300000,0x000000eb8f400000] [id=61756]
  0x000002051c65ea20 ConcurrentGCThread "G1 Refine#7" [stack: 0x000000eb8e000000,0x000000eb8e100000] [id=68876]
  0x0000020515f85280 ConcurrentGCThread "G1 Refine#8" [stack: 0x000000eb8e100000,0x000000eb8e200000] [id=61328]
  0x0000020515f85560 ConcurrentGCThread "G1 Refine#9" [stack: 0x000000eb8e700000,0x000000eb8e800000] [id=25412]
  0x0000020515f84fa0 ConcurrentGCThread "G1 Refine#10" [stack: 0x000000eb8f100000,0x000000eb8f200000] [id=69636]
  0x0000020515f849e0 ConcurrentGCThread "G1 Refine#11" [stack: 0x000000eb8f200000,0x000000eb8f300000] [id=36596]
  0x0000020515f83b80 ConcurrentGCThread "G1 Refine#12" [stack: 0x000000eb8c700000,0x000000eb8c800000] [id=40368]
  0x0000020515f82a40 ConcurrentGCThread "G1 Refine#13" [stack: 0x000000eb8df00000,0x000000eb8e000000] [id=70332]
  0x0000020515f85b20 ConcurrentGCThread "G1 Refine#14" [stack: 0x000000eb8f800000,0x000000eb8f900000] [id=53200]
  0x0000020512bb2010 ConcurrentGCThread "G1 Service" [stack: 0x000000eb8b300000,0x000000eb8b400000] [id=30320]

Threads with active compile tasks:

VM state: not at safepoint (normal execution)

VM Mutex/Monitor currently owned by a thread: None

Heap address: 0x0000000401000000, size: 16368 MB, Compressed Oops mode: Zero based, Oop shift amount: 3

CDS archive(s) mapped at: [0x0000000800000000-0x0000000800bc0000-0x0000000800bc0000), size 12320768, SharedBaseAddress: 0x0000000800000000, ArchiveRelocationMode: 0.
Compressed class space mapped at: 0x0000000800c00000-0x0000000840c00000, reserved size: 1073741824
Narrow klass base: 0x0000000800000000, Narrow klass shift: 0, Narrow klass range: 0x100000000

GC Precious Log:
 CPUs: 32 total, 32 available
 Memory: 65440M
 Large Page Support: Disabled
 NUMA Support: Disabled
 Compressed Oops: Enabled (Zero based)
 Heap Region Size: 8M
 Heap Min Capacity: 8M
 Heap Initial Capacity: 1G
 Heap Max Capacity: 16368M
 Pre-touch: Disabled
 Parallel Workers: 23
 Concurrent Workers: 6
 Concurrent Refinement Workers: 23
 Periodic GC: Disabled

Heap:
 garbage-first heap   total 524288K, used 302943K [0x0000000401000000, 0x0000000800000000)
  region size 8192K, 18 young (147456K), 4 survivors (32768K)
 Metaspace       used 72644K, committed 73472K, reserved 1114112K
  class space    used 10601K, committed 11008K, reserved 1048576K

Heap Regions: E=young(eden), S=young(survivor), O=old, HS=humongous(starts), HC=humongous(continues), CS=collection set, F=free, OA=open archive, CA=closed archive, TAMS=top-at-mark-start (previous, next)
|   0|0x0000000401000000, 0x0000000401800000, 0x0000000401800000|100%| O|  |TAMS 0x0000000401800000, 0x0000000401000000| Untracked 
|   1|0x0000000401800000, 0x0000000402000000, 0x0000000402000000|100%| O|  |TAMS 0x0000000402000000, 0x0000000401800000| Untracked 
|   2|0x0000000402000000, 0x0000000402800000, 0x0000000402800000|100%| O|  |TAMS 0x0000000402800000, 0x0000000402000000| Untracked 
|   3|0x0000000402800000, 0x0000000403000000, 0x0000000403000000|100%| O|  |TAMS 0x0000000403000000, 0x0000000402800000| Untracked 
|   4|0x0000000403000000, 0x0000000403800000, 0x0000000403800000|100%| O|  |TAMS 0x0000000403800000, 0x0000000403000000| Untracked 
|   5|0x0000000403800000, 0x0000000404000000, 0x0000000404000000|100%| O|  |TAMS 0x0000000404000000, 0x0000000403800000| Untracked 
|   6|0x0000000404000000, 0x0000000404800000, 0x0000000404800000|100%| O|  |TAMS 0x0000000404800000, 0x0000000404000000| Untracked 
|   7|0x0000000404800000, 0x0000000405000000, 0x0000000405000000|100%| O|  |TAMS 0x0000000405000000, 0x0000000404800000| Untracked 
|   8|0x0000000405000000, 0x00000004051b8400, 0x0000000405800000| 21%| O|  |TAMS 0x00000004051b8400, 0x0000000405000000| Untracked 
|   9|0x0000000405800000, 0x0000000406000000, 0x0000000406000000|100%|HS|  |TAMS 0x0000000406000000, 0x0000000405800000| Complete 
|  10|0x0000000406000000, 0x0000000406800000, 0x0000000406800000|100%|HC|  |TAMS 0x0000000406800000, 0x0000000406000000| Complete 
|  11|0x0000000406800000, 0x0000000407000000, 0x0000000407000000|100%| O|  |TAMS 0x0000000407000000, 0x0000000406800000| Untracked 
|  12|0x0000000407000000, 0x0000000407800000, 0x0000000407800000|100%| O|  |TAMS 0x0000000407800000, 0x0000000407000000| Untracked 
|  13|0x0000000407800000, 0x0000000408000000, 0x0000000408000000|100%| O|  |TAMS 0x0000000408000000, 0x0000000407800000| Untracked 
|  14|0x0000000408000000, 0x0000000408800000, 0x0000000408800000|100%| O|  |TAMS 0x0000000408800000, 0x0000000408000000| Untracked 
|  15|0x0000000408800000, 0x0000000409000000, 0x0000000409000000|100%| O|  |TAMS 0x0000000409000000, 0x0000000408800000| Untracked 
|  16|0x0000000409000000, 0x0000000409800000, 0x0000000409800000|100%| O|  |TAMS 0x0000000409800000, 0x0000000409000000| Untracked 
|  17|0x0000000409800000, 0x000000040a000000, 0x000000040a000000|100%| O|  |TAMS 0x000000040a000000, 0x0000000409800000| Untracked 
|  18|0x000000040a000000, 0x000000040a800000, 0x000000040a800000|100%| O|  |TAMS 0x000000040a800000, 0x000000040a000000| Untracked 
|  19|0x000000040a800000, 0x000000040b000000, 0x000000040b000000|100%| O|  |TAMS 0x000000040b000000, 0x000000040a800000| Untracked 
|  20|0x000000040b000000, 0x000000040b800000, 0x000000040b800000|100%| O|  |TAMS 0x000000040b800000, 0x000000040b000000| Untracked 
|  21|0x000000040b800000, 0x000000040bad8c00, 0x000000040c000000| 35%| O|  |TAMS 0x000000040bad8c00, 0x000000040b800000| Untracked 
|  22|0x000000040c000000, 0x000000040c000000, 0x000000040c800000|  0%| F|  |TAMS 0x000000040c000000, 0x000000040c000000| Untracked 
|  23|0x000000040c800000, 0x000000040c800000, 0x000000040d000000|  0%| F|  |TAMS 0x000000040c800000, 0x000000040c800000| Untracked 
|  24|0x000000040d000000, 0x000000040d000000, 0x000000040d800000|  0%| F|  |TAMS 0x000000040d000000, 0x000000040d000000| Untracked 
|  25|0x000000040d800000, 0x000000040d800000, 0x000000040e000000|  0%| F|  |TAMS 0x000000040d800000, 0x000000040d800000| Untracked 
|  26|0x000000040e000000, 0x000000040e000000, 0x000000040e800000|  0%| F|  |TAMS 0x000000040e000000, 0x000000040e000000| Untracked 
|  27|0x000000040e800000, 0x000000040e800000, 0x000000040f000000|  0%| F|  |TAMS 0x000000040e800000, 0x000000040e800000| Untracked 
|  28|0x000000040f000000, 0x000000040f000000, 0x000000040f800000|  0%| F|  |TAMS 0x000000040f000000, 0x000000040f000000| Untracked 
|  29|0x000000040f800000, 0x000000040f800000, 0x0000000410000000|  0%| F|  |TAMS 0x000000040f800000, 0x000000040f800000| Untracked 
|  30|0x0000000410000000, 0x0000000410346d18, 0x0000000410800000| 40%| S|CS|TAMS 0x0000000410000000, 0x0000000410000000| Complete 
|  31|0x0000000410800000, 0x0000000411000000, 0x0000000411000000|100%| S|CS|TAMS 0x0000000410800000, 0x0000000410800000| Complete 
|  32|0x0000000411000000, 0x0000000411800000, 0x0000000411800000|100%| S|CS|TAMS 0x0000000411000000, 0x0000000411000000| Complete 
|  33|0x0000000411800000, 0x0000000412000000, 0x0000000412000000|100%| S|CS|TAMS 0x0000000411800000, 0x0000000411800000| Complete 
|  34|0x0000000412000000, 0x0000000412000000, 0x0000000412800000|  0%| F|  |TAMS 0x0000000412000000, 0x0000000412000000| Untracked 
|  35|0x0000000412800000, 0x0000000412800000, 0x0000000413000000|  0%| F|  |TAMS 0x0000000412800000, 0x0000000412800000| Untracked 
|  36|0x0000000413000000, 0x0000000413000000, 0x0000000413800000|  0%| F|  |TAMS 0x0000000413000000, 0x0000000413000000| Untracked 
|  37|0x0000000413800000, 0x0000000413800000, 0x0000000414000000|  0%| F|  |TAMS 0x0000000413800000, 0x0000000413800000| Untracked 
|  38|0x0000000414000000, 0x0000000414000000, 0x0000000414800000|  0%| F|  |TAMS 0x0000000414000000, 0x0000000414000000| Untracked 
|  39|0x0000000414800000, 0x0000000414800000, 0x0000000415000000|  0%| F|  |TAMS 0x0000000414800000, 0x0000000414800000| Untracked 
|  40|0x0000000415000000, 0x0000000415000000, 0x0000000415800000|  0%| F|  |TAMS 0x0000000415000000, 0x0000000415000000| Untracked 
|  41|0x0000000415800000, 0x0000000415800000, 0x0000000416000000|  0%| F|  |TAMS 0x0000000415800000, 0x0000000415800000| Untracked 
|  42|0x0000000416000000, 0x0000000416000000, 0x0000000416800000|  0%| F|  |TAMS 0x0000000416000000, 0x0000000416000000| Untracked 
|  43|0x0000000416800000, 0x0000000416800000, 0x0000000417000000|  0%| F|  |TAMS 0x0000000416800000, 0x0000000416800000| Untracked 
|  44|0x0000000417000000, 0x0000000417000000, 0x0000000417800000|  0%| F|  |TAMS 0x0000000417000000, 0x0000000417000000| Untracked 
|  45|0x0000000417800000, 0x0000000417800000, 0x0000000418000000|  0%| F|  |TAMS 0x0000000417800000, 0x0000000417800000| Untracked 
|  46|0x0000000418000000, 0x0000000418000000, 0x0000000418800000|  0%| F|  |TAMS 0x0000000418000000, 0x0000000418000000| Untracked 
|  47|0x0000000418800000, 0x0000000418800000, 0x0000000419000000|  0%| F|  |TAMS 0x0000000418800000, 0x0000000418800000| Untracked 
|  48|0x0000000419000000, 0x0000000419000000, 0x0000000419800000|  0%| F|  |TAMS 0x0000000419000000, 0x0000000419000000| Untracked 
|  49|0x0000000419800000, 0x0000000419800000, 0x000000041a000000|  0%| F|  |TAMS 0x0000000419800000, 0x0000000419800000| Untracked 
|  50|0x000000041a000000, 0x000000041a47ff50, 0x000000041a800000| 56%| E|  |TAMS 0x000000041a000000, 0x000000041a000000| Complete 
|  51|0x000000041a800000, 0x000000041b000000, 0x000000041b000000|100%| E|CS|TAMS 0x000000041a800000, 0x000000041a800000| Complete 
|  52|0x000000041b000000, 0x000000041b800000, 0x000000041b800000|100%| E|CS|TAMS 0x000000041b000000, 0x000000041b000000| Complete 
|  53|0x000000041b800000, 0x000000041c000000, 0x000000041c000000|100%| E|CS|TAMS 0x000000041b800000, 0x000000041b800000| Complete 
|  54|0x000000041c000000, 0x000000041c800000, 0x000000041c800000|100%| E|CS|TAMS 0x000000041c000000, 0x000000041c000000| Complete 
|  55|0x000000041c800000, 0x000000041d000000, 0x000000041d000000|100%| E|CS|TAMS 0x000000041c800000, 0x000000041c800000| Complete 
|  56|0x000000041d000000, 0x000000041d800000, 0x000000041d800000|100%| E|CS|TAMS 0x000000041d000000, 0x000000041d000000| Complete 
|  57|0x000000041d800000, 0x000000041e000000, 0x000000041e000000|100%| E|CS|TAMS 0x000000041d800000, 0x000000041d800000| Complete 
|  58|0x000000041e000000, 0x000000041e800000, 0x000000041e800000|100%| E|CS|TAMS 0x000000041e000000, 0x000000041e000000| Complete 
|  59|0x000000041e800000, 0x000000041f000000, 0x000000041f000000|100%| E|CS|TAMS 0x000000041e800000, 0x000000041e800000| Complete 
|  60|0x000000041f000000, 0x000000041f800000, 0x000000041f800000|100%| E|CS|TAMS 0x000000041f000000, 0x000000041f000000| Complete 
|  61|0x000000041f800000, 0x0000000420000000, 0x0000000420000000|100%| E|CS|TAMS 0x000000041f800000, 0x000000041f800000| Complete 
|  62|0x0000000420000000, 0x0000000420800000, 0x0000000420800000|100%| E|CS|TAMS 0x0000000420000000, 0x0000000420000000| Complete 
| 127|0x0000000440800000, 0x0000000441000000, 0x0000000441000000|100%| E|CS|TAMS 0x0000000440800000, 0x0000000440800000| Complete 

Card table byte_map: [0x000002056af90000,0x000002056cf90000] _byte_map_base: 0x0000020568f88000

Marking Bits (Prev, Next): (CMBitMap*) 0x000002054f62e090, (CMBitMap*) 0x000002054f62e0d0
 Prev Bits: [0x000002056ef90000, 0x000002057ef50000)
 Next Bits: [0x0000020500000000, 0x000002050ffc0000)

Polling page: 0x000002054f1a0000

Metaspace:

Usage:
  Non-class:     60.59 MB used.
      Class:     10.36 MB used.
       Both:     70.95 MB used.

Virtual space:
  Non-class space:       64.00 MB reserved,      61.00 MB ( 95%) committed,  8 nodes.
      Class space:        1.00 GB reserved,      10.75 MB (  1%) committed,  1 nodes.
             Both:        1.06 GB reserved,      71.75 MB (  7%) committed. 

Chunk freelists:
   Non-Class:  2.07 MB
       Class:  1.28 MB
        Both:  3.35 MB

MaxMetaspaceSize: unlimited
CompressedClassSpaceSize: 1.00 GB
Initial GC threshold: 21.00 MB
Current GC threshold: 113.56 MB
CDS: on
MetaspaceReclaimPolicy: balanced
 - commit_granule_bytes: 65536.
 - commit_granule_words: 8192.
 - virtual_space_node_default_size: 1048576.
 - enlarge_chunks_in_place: 1.
 - new_chunks_are_fully_committed: 0.
 - uncommit_free_chunks: 1.
 - use_allocation_guard: 0.
 - handle_deallocations: 1.


Internal statistics:

num_allocs_failed_limit: 12.
num_arena_births: 1194.
num_arena_deaths: 0.
num_vsnodes_births: 9.
num_vsnodes_deaths: 0.
num_space_committed: 1145.
num_space_uncommitted: 0.
num_chunks_returned_to_freelist: 12.
num_chunks_taken_from_freelist: 3895.
num_chunk_merges: 9.
num_chunk_splits: 2590.
num_chunks_enlarged: 1867.
num_purges: 0.
num_inconsistent_stats: 0.

CodeHeap 'non-profiled nmethods': size=118848Kb used=8849Kb max_used=8849Kb free=109999Kb
 bounds [0x0000020560100000, 0x00000205609b0000, 0x0000020567510000]
CodeHeap 'profiled nmethods': size=118848Kb used=14945Kb max_used=14945Kb free=103902Kb
 bounds [0x0000020558cf0000, 0x0000020559b90000, 0x0000020560100000]
CodeHeap 'non-nmethods': size=8064Kb used=4321Kb max_used=4359Kb free=3742Kb
 bounds [0x0000020558510000, 0x0000020558970000, 0x0000020558cf0000]
 total_blobs=10061 nmethods=8445 adapters=1524
 compilation: enabled
              stopped_count=0, restarted_count=0
 full_count=0

Compilation events (20 events):
Event: 12.235 Thread 0x0000020514e6a3f0 nmethod 10509 0x0000020560985f10 code [0x00000205609862c0, 0x000002056098a1a0]
Event: 12.244 Thread 0x00000205149c1190 10540       3       java.nio.MappedByteBuffer::flip (5 bytes)
Event: 12.244 Thread 0x000002057f276350 10541       3       java.nio.MappedByteBuffer::flip (7 bytes)
Event: 12.244 Thread 0x000002057f276350 nmethod 10541 0x0000020559b88c90 code [0x0000020559b88e40, 0x0000020559b89018]
Event: 12.244 Thread 0x00000205149c1190 nmethod 10540 0x0000020559b89110 code [0x0000020559b892c0, 0x0000020559b894f8]
Event: 12.246 Thread 0x0000020512f30080 10542       3       java.util.ArrayDeque::removeFirst (19 bytes)
Event: 12.246 Thread 0x0000020512f30080 nmethod 10542 0x0000020559b89610 code [0x0000020559b897c0, 0x0000020559b89a98]
Event: 12.246 Thread 0x0000020512f30080 10543       3       java.lang.CharacterDataLatin1::digit (32 bytes)
Event: 12.246 Thread 0x0000020512f30080 nmethod 10543 0x0000020559b89b90 code [0x0000020559b89d40, 0x0000020559b89f98]
Event: 12.246 Thread 0x0000020514e6a3f0 10544 %     4       sun.security.provider.DigestBase::implCompressMultiBlock0 @ 0 (23 bytes)
Event: 12.248 Thread 0x0000020514e68aa0 nmethod 10533 0x000002056098c390 code [0x000002056098c6c0, 0x0000020560990068]
Event: 12.248 Thread 0x0000020514e6a3f0 nmethod 10544% 0x0000020560991990 code [0x0000020560991b20, 0x0000020560991c78]
Event: 12.251 Thread 0x0000020512f30080 10545       3       java.util.LinkedList::toArray (81 bytes)
Event: 12.252 Thread 0x0000020512f30080 nmethod 10545 0x0000020559b8a090 code [0x0000020559b8a2a0, 0x0000020559b8ab38]
Event: 12.252 Thread 0x0000020512f30080 10546       3       sun.misc.Unsafe::putLong (11 bytes)
Event: 12.252 Thread 0x000002057f275a40 10547       3       org.lwjgl.system.MemoryUtil::memPutAddress (29 bytes)
Event: 12.252 Thread 0x0000020512cddd10 10548       4       java.lang.Integer::toUnsignedLong (7 bytes)
Event: 12.252 Thread 0x0000020512f30080 nmethod 10546 0x0000020559b8ae10 code [0x0000020559b8afa0, 0x0000020559b8b0b8]
Event: 12.252 Thread 0x000002057f275a40 nmethod 10547 0x0000020559b8b190 code [0x0000020559b8b340, 0x0000020559b8b538]
Event: 12.252 Thread 0x0000020512cddd10 nmethod 10548 0x0000020560991d90 code [0x0000020560991f00, 0x0000020560991f58]

GC Heap History (20 events):
Event: 5.964 GC heap before
{Heap before GC invocations=9 (full 0):
 garbage-first heap   total 434176K, used 326402K [0x0000000401000000, 0x0000000800000000)
  region size 8192K, 30 young (245760K), 2 survivors (16384K)
 Metaspace       used 33532K, committed 33920K, reserved 1081344K
  class space    used 3942K, committed 4160K, reserved 1048576K
}
Event: 5.967 GC heap after
{Heap after GC invocations=10 (full 0):
 garbage-first heap   total 434176K, used 99500K [0x0000000401000000, 0x0000000800000000)
  region size 8192K, 2 young (16384K), 2 survivors (16384K)
 Metaspace       used 33532K, committed 33920K, reserved 1081344K
  class space    used 3942K, committed 4160K, reserved 1048576K
}
Event: 6.344 GC heap before
{Heap before GC invocations=10 (full 0):
 garbage-first heap   total 434176K, used 173228K [0x0000000401000000, 0x0000000800000000)
  region size 8192K, 12 young (98304K), 2 survivors (16384K)
 Metaspace       used 35610K, committed 36096K, reserved 1081344K
  class space    used 4235K, committed 4480K, reserved 1048576K
}
Event: 6.350 GC heap after
{Heap after GC invocations=11 (full 0):
 garbage-first heap   total 434176K, used 104511K [0x0000000401000000, 0x0000000800000000)
  region size 8192K, 3 young (24576K), 3 survivors (24576K)
 Metaspace       used 35610K, committed 36096K, reserved 1081344K
  class space    used 4235K, committed 4480K, reserved 1048576K
}
Event: 7.075 GC heap before
{Heap before GC invocations=12 (full 0):
 garbage-first heap   total 409600K, used 333887K [0x0000000401000000, 0x0000000800000000)
  region size 8192K, 31 young (253952K), 3 survivors (24576K)
 Metaspace       used 37938K, committed 38400K, reserved 1089536K
  class space    used 4708K, committed 4928K, reserved 1048576K
}
Event: 7.090 GC heap after
{Heap after GC invocations=13 (full 0):
 garbage-first heap   total 409600K, used 124808K [0x0000000401000000, 0x0000000800000000)
  region size 8192K, 4 young (32768K), 4 survivors (32768K)
 Metaspace       used 37938K, committed 38400K, reserved 1089536K
  class space    used 4708K, committed 4928K, reserved 1048576K
}
Event: 7.457 GC heap before
{Heap before GC invocations=13 (full 0):
 garbage-first heap   total 409600K, used 313224K [0x0000000401000000, 0x0000000800000000)
  region size 8192K, 27 young (221184K), 4 survivors (32768K)
 Metaspace       used 39244K, committed 39744K, reserved 1089536K
  class space    used 4939K, committed 5184K, reserved 1048576K
}
Event: 7.475 GC heap after
{Heap after GC invocations=14 (full 0):
 garbage-first heap   total 409600K, used 145278K [0x0000000401000000, 0x0000000800000000)
  region size 8192K, 3 young (24576K), 3 survivors (24576K)
 Metaspace       used 39244K, committed 39744K, reserved 1089536K
  class space    used 4939K, committed 5184K, reserved 1048576K
}
Event: 8.314 GC heap before
{Heap before GC invocations=14 (full 0):
 garbage-first heap   total 409600K, used 309118K [0x0000000401000000, 0x0000000800000000)
  region size 8192K, 23 young (188416K), 3 survivors (24576K)
 Metaspace       used 43662K, committed 44160K, reserved 1089536K
  class space    used 5392K, committed 5632K, reserved 1048576K
}
Event: 8.321 GC heap after
{Heap after GC invocations=15 (full 0):
 garbage-first heap   total 409600K, used 151321K [0x0000000401000000, 0x0000000800000000)
  region size 8192K, 1 young (8192K), 1 survivors (8192K)
 Metaspace       used 43662K, committed 44160K, reserved 1089536K
  class space    used 5392K, committed 5632K, reserved 1048576K
}
Event: 9.313 GC heap before
{Heap before GC invocations=15 (full 0):
 garbage-first heap   total 409600K, used 323353K [0x0000000401000000, 0x0000000800000000)
  region size 8192K, 22 young (180224K), 1 survivors (8192K)
 Metaspace       used 50561K, committed 51136K, reserved 1097728K
  class space    used 6839K, committed 7104K, reserved 1048576K
}
Event: 9.321 GC heap after
{Heap after GC invocations=16 (full 0):
 garbage-first heap   total 409600K, used 169561K [0x0000000401000000, 0x0000000800000000)
  region size 8192K, 3 young (24576K), 3 survivors (24576K)
 Metaspace       used 50561K, committed 51136K, reserved 1097728K
  class space    used 6839K, committed 7104K, reserved 1048576K
}
Event: 9.681 GC heap before
{Heap before GC invocations=16 (full 0):
 garbage-first heap   total 409600K, used 317017K [0x0000000401000000, 0x0000000800000000)
  region size 8192K, 21 young (172032K), 3 survivors (24576K)
 Metaspace       used 52150K, committed 52736K, reserved 1097728K
  class space    used 7105K, committed 7360K, reserved 1048576K
}
Event: 9.694 GC heap after
{Heap after GC invocations=17 (full 0):
 garbage-first heap   total 409600K, used 177143K [0x0000000401000000, 0x0000000800000000)
  region size 8192K, 2 young (16384K), 2 survivors (16384K)
 Metaspace       used 52150K, committed 52736K, reserved 1097728K
  class space    used 7105K, committed 7360K, reserved 1048576K
}
Event: 10.252 GC heap before
{Heap before GC invocations=17 (full 0):
 garbage-first heap   total 409600K, used 308215K [0x0000000401000000, 0x0000000800000000)
  region size 8192K, 18 young (147456K), 2 survivors (16384K)
 Metaspace       used 55421K, committed 56000K, reserved 1097728K
  class space    used 7721K, committed 8000K, reserved 1048576K
}
Event: 10.261 GC heap after
{Heap after GC invocations=18 (full 0):
 garbage-first heap   total 409600K, used 181292K [0x0000000401000000, 0x0000000800000000)
  region size 8192K, 2 young (16384K), 2 survivors (16384K)
 Metaspace       used 55421K, committed 56000K, reserved 1097728K
  class space    used 7721K, committed 8000K, reserved 1048576K
}
Event: 10.731 GC heap before
{Heap before GC invocations=18 (full 0):
 garbage-first heap   total 409600K, used 246828K [0x0000000401000000, 0x0000000800000000)
  region size 8192K, 11 young (90112K), 2 survivors (16384K)
 Metaspace       used 59646K, committed 60288K, reserved 1105920K
  class space    used 8634K, committed 8960K, reserved 1048576K
}
Event: 10.736 GC heap after
{Heap after GC invocations=19 (full 0):
 garbage-first heap   total 524288K, used 183419K [0x0000000401000000, 0x0000000800000000)
  region size 8192K, 2 young (16384K), 2 survivors (16384K)
 Metaspace       used 59646K, committed 60288K, reserved 1105920K
  class space    used 8634K, committed 8960K, reserved 1048576K
}
Event: 11.759 GC heap before
{Heap before GC invocations=20 (full 0):
 garbage-first heap   total 524288K, used 412795K [0x0000000401000000, 0x0000000800000000)
  region size 8192K, 30 young (245760K), 2 survivors (16384K)
 Metaspace       used 68262K, committed 69056K, reserved 1114112K
  class space    used 9900K, committed 10304K, reserved 1048576K
}
Event: 11.769 GC heap after
{Heap after GC invocations=21 (full 0):
 garbage-first heap   total 524288K, used 196447K [0x0000000401000000, 0x0000000800000000)
  region size 8192K, 4 young (32768K), 4 survivors (32768K)
 Metaspace       used 68262K, committed 69056K, reserved 1114112K
  class space    used 9900K, committed 10304K, reserved 1048576K
}

Deoptimization events (20 events):
Event: 12.206 Thread 0x000002054f571410 Uncommon trap: trap_request=0xffffff45 fr.pc=0x000002056080c42c relative=0x00000000000006cc
Event: 12.206 Thread 0x000002054f571410 Uncommon trap: reason=unstable_if action=reinterpret pc=0x000002056080c42c method=it.unimi.dsi.fastutil.ints.Int2ObjectOpenHashMap.find(I)I @ 91 c2
Event: 12.206 Thread 0x000002054f571410 DEOPT PACKING pc=0x000002056080c42c sp=0x000000eb8aefdfe0
Event: 12.206 Thread 0x000002054f571410 DEOPT UNPACKING pc=0x00000205585623a3 sp=0x000000eb8aefdf38 mode 2
Event: 12.206 Thread 0x000002054f571410 Uncommon trap: trap_request=0xffffff45 fr.pc=0x00000205608099f8 relative=0x0000000000000158
Event: 12.206 Thread 0x000002054f571410 Uncommon trap: reason=unstable_if action=reinterpret pc=0x00000205608099f8 method=it.unimi.dsi.fastutil.ints.Int2ObjectOpenHashMap.find(I)I @ 91 c2
Event: 12.206 Thread 0x000002054f571410 DEOPT PACKING pc=0x00000205608099f8 sp=0x000000eb8aefdfb0
Event: 12.206 Thread 0x000002054f571410 DEOPT UNPACKING pc=0x00000205585623a3 sp=0x000000eb8aefdf40 mode 2
Event: 12.229 Thread 0x000002054f571410 Uncommon trap: trap_request=0xffffff45 fr.pc=0x000002056041d92c relative=0x00000000000004ec
Event: 12.229 Thread 0x000002054f571410 Uncommon trap: reason=unstable_if action=reinterpret pc=0x000002056041d92c method=java.lang.String.getBytes([BIIBI)V @ 6 c2
Event: 12.230 Thread 0x000002054f571410 DEOPT PACKING pc=0x000002056041d92c sp=0x000000eb8aefc7a0
Event: 12.230 Thread 0x000002054f571410 DEOPT UNPACKING pc=0x00000205585623a3 sp=0x000000eb8aefc5b0 mode 2
Event: 12.230 Thread 0x000002054f571410 Uncommon trap: trap_request=0xffffff45 fr.pc=0x00000205604324a0 relative=0x00000000000004e0
Event: 12.230 Thread 0x000002054f571410 Uncommon trap: reason=unstable_if action=reinterpret pc=0x00000205604324a0 method=java.lang.String.getBytes([BIIBI)V @ 6 c2
Event: 12.230 Thread 0x000002054f571410 DEOPT PACKING pc=0x00000205604324a0 sp=0x000000eb8aefc740
Event: 12.230 Thread 0x000002054f571410 DEOPT UNPACKING pc=0x00000205585623a3 sp=0x000000eb8aefc5a8 mode 2
Event: 12.242 Thread 0x000002054f571410 Uncommon trap: trap_request=0xffffff45 fr.pc=0x00000205608c0a90 relative=0x0000000000005410
Event: 12.242 Thread 0x000002054f571410 Uncommon trap: reason=unstable_if action=reinterpret pc=0x00000205608c0a90 method=java.lang.invoke.MethodHandleNatives.isCallerSensitive(Ljava/lang/invoke/MemberName;)Z @ 13 c2
Event: 12.242 Thread 0x000002054f571410 DEOPT PACKING pc=0x00000205608c0a90 sp=0x000000eb8aefc570
Event: 12.242 Thread 0x000002054f571410 DEOPT UNPACKING pc=0x00000205585623a3 sp=0x000000eb8aefc3e8 mode 2

Classes unloaded (0 events):
No events

Classes redefined (0 events):
No events

Internal exceptions (20 events):
Event: 11.954 Thread 0x000002054f571410 Exception <a 'java/lang/NoSuchMethodError'{0x000000041fa571f0}: 'int java.lang.invoke.DirectMethodHandle$Holder.invokeStaticInit(java.lang.Object, java.lang.Object, java.lang.Object, float)'> (0x000000041fa571f0) 
thrown [t:\workspace\open\src\hotspot\share\interpreter\linkResolver.cpp, line 766]
Event: 12.003 Thread 0x000002054f571410 Implicit null exception at 0x00000205606e0ec1 to 0x00000205606e43d8
Event: 12.027 Thread 0x000002054f571410 Exception <a 'java/lang/NoSuchMethodError'{0x000000041dfb95f8}: 'void java.lang.invoke.DirectMethodHandle$Holder.invokeSpecial(java.lang.Object, java.lang.Object, java.lang.Object, java.lang.Object, java.lang.Object, java.lang.Object, java.lang.Object)'> (0x000000041dfb95f8) 
thrown [t:\workspace\open\src\hotspot\share\interpreter\linkResolver.cpp, line 766]
Event: 12.031 Thread 0x000002054f571410 Exception <a 'java/lang/NoSuchMethodError'{0x000000041d03d568}: 'void java.lang.invoke.DirectMethodHandle$Holder.invokeSpecial(java.lang.Object, java.lang.Object, java.lang.Object, java.lang.Object, java.lang.Object, java.lang.Object)'> (0x000000041d03d568) 
thrown [t:\workspace\open\src\hotspot\share\interpreter\linkResolver.cpp, line 766]
Event: 12.034 Thread 0x000002054f571410 Exception <a 'sun/nio/fs/WindowsException'{0x000000041d09e7f8}> (0x000000041d09e7f8) 
thrown [t:\workspace\open\src\hotspot\share\prims\jni.cpp, line 516]
Event: 12.053 Thread 0x000002054f571410 Exception <a 'java/lang/NoSuchMethodError'{0x000000041d35fee0}: 'void java.lang.invoke.DirectMethodHandle$Holder.invokeStaticInit(java.lang.Object)'> (0x000000041d35fee0) 
thrown [t:\workspace\open\src\hotspot\share\interpreter\linkResolver.cpp, line 766]
Event: 12.101 Thread 0x000002054f571410 Exception <a 'java/lang/NoSuchMethodError'{0x000000041c355518}: 'void java.lang.invoke.DirectMethodHandle$Holder.invokeStatic(java.lang.Object, java.lang.Object, int, int)'> (0x000000041c355518) 
thrown [t:\workspace\open\src\hotspot\share\interpreter\linkResolver.cpp, line 766]
Event: 12.103 Thread 0x000002054f571410 Exception <a 'java/lang/NoSuchMethodError'{0x000000041c38dd40}: 'void java.lang.invoke.DirectMethodHandle$Holder.invokeStatic(java.lang.Object, int)'> (0x000000041c38dd40) 
thrown [t:\workspace\open\src\hotspot\share\interpreter\linkResolver.cpp, line 766]
Event: 12.106 Thread 0x000002054f571410 Exception <a 'java/lang/NoSuchMethodError'{0x000000041c3ec230}: 'void java.lang.invoke.DirectMethodHandle$Holder.invokeStatic(java.lang.Object, int, int)'> (0x000000041c3ec230) 
thrown [t:\workspace\open\src\hotspot\share\interpreter\linkResolver.cpp, line 766]
Event: 12.114 Thread 0x000002054f571410 Exception <a 'java/lang/NoSuchMethodError'{0x000000041c4e62c0}: 'void java.lang.invoke.DirectMethodHandle$Holder.invokeStaticInit(java.lang.Object, int, int, int, long, int, int)'> (0x000000041c4e62c0) 
thrown [t:\workspace\open\src\hotspot\share\interpreter\linkResolver.cpp, line 766]
Event: 12.115 Thread 0x000002054f571410 Exception <a 'java/lang/NoSuchMethodError'{0x000000041c4f83e8}: 'void java.lang.invoke.DirectMethodHandle$Holder.invokeStaticInit(java.lang.Object, int, int)'> (0x000000041c4f83e8) 
thrown [t:\workspace\open\src\hotspot\share\interpreter\linkResolver.cpp, line 766]
Event: 12.204 Thread 0x000002054f571410 Exception <a 'java/lang/NoSuchMethodError'{0x000000041ad72e08}: 'java.lang.Object java.lang.invoke.DirectMethodHandle$Holder.invokeSpecial(java.lang.Object, java.lang.Object, java.lang.Object, int, java.lang.Object)'> (0x000000041ad72e08) 
thrown [t:\workspace\open\src\hotspot\share\interpreter\linkResolver.cpp, line 766]
Event: 12.205 Thread 0x000002054f571410 Exception <a 'java/lang/NoSuchMethodError'{0x000000041ad76510}: 'java.lang.Object java.lang.invoke.Invokers$Holder.linkToTargetMethod(java.lang.Object, int, java.lang.Object, java.lang.Object)'> (0x000000041ad76510) 
thrown [t:\workspace\open\src\hotspot\share\interpreter\linkResolver.cpp, line 766]
Event: 12.225 Thread 0x000002054f571410 Exception <a 'java/lang/ClassNotFoundException'{0x000000041aea1b50}: sun/awt/resources/spi/awtProvider> (0x000000041aea1b50) 
thrown [t:\workspace\open\src\hotspot\share\classfile\systemDictionary.cpp, line 256]
Event: 12.230 Thread 0x000002054f571410 Exception <a 'java/io/FileNotFoundException'{0x000000041aeacce0}> (0x000000041aeacce0) 
thrown [t:\workspace\open\src\hotspot\share\prims\jni.cpp, line 516]
Event: 12.230 Thread 0x000002054f571410 Exception <a 'java/io/FileNotFoundException'{0x000000041aeae3b0}> (0x000000041aeae3b0) 
thrown [t:\workspace\open\src\hotspot\share\prims\jni.cpp, line 516]
Event: 12.244 Thread 0x000002054f571410 Exception <a 'sun/nio/fs/WindowsException'{0x000000041a035458}> (0x000000041a035458) 
thrown [t:\workspace\open\src\hotspot\share\prims\jni.cpp, line 516]
Event: 12.244 Thread 0x000002054f571410 Exception <a 'sun/nio/fs/WindowsException'{0x000000041a035878}> (0x000000041a035878) 
thrown [t:\workspace\open\src\hotspot\share\prims\jni.cpp, line 516]
Event: 12.248 Thread 0x000002054f571410 Exception <a 'sun/nio/fs/WindowsException'{0x000000041a04e4c8}> (0x000000041a04e4c8) 
thrown [t:\workspace\open\src\hotspot\share\prims\jni.cpp, line 516]
Event: 12.248 Thread 0x000002054f571410 Exception <a 'sun/nio/fs/WindowsException'{0x000000041a04e828}> (0x000000041a04e828) 
thrown [t:\workspace\open\src\hotspot\share\prims\jni.cpp, line 516]

VM Operations (20 events):
Event: 11.759 Executing VM operation: G1CollectForAllocation
Event: 11.769 Executing VM operation: G1CollectForAllocation done
Event: 11.776 Executing VM operation: HandshakeAllThreads
Event: 11.776 Executing VM operation: HandshakeAllThreads done
Event: 11.812 Executing VM operation: G1Concurrent
Event: 11.815 Executing VM operation: G1Concurrent done
Event: 11.828 Executing VM operation: G1Concurrent
Event: 11.828 Executing VM operation: G1Concurrent done
Event: 12.043 Executing VM operation: HandshakeAllThreads
Event: 12.043 Executing VM operation: HandshakeAllThreads done
Event: 12.043 Executing VM operation: HandshakeAllThreads
Event: 12.043 Executing VM operation: HandshakeAllThreads done
Event: 12.045 Executing VM operation: HandshakeAllThreads
Event: 12.045 Executing VM operation: HandshakeAllThreads done
Event: 12.045 Executing VM operation: HandshakeAllThreads
Event: 12.046 Executing VM operation: HandshakeAllThreads done
Event: 12.134 Executing VM operation: HandshakeAllThreads
Event: 12.134 Executing VM operation: HandshakeAllThreads done
Event: 12.134 Executing VM operation: HandshakeAllThreads
Event: 12.134 Executing VM operation: HandshakeAllThreads done

Events (20 events):
Event: 12.226 loading class sun/awt/resources/awt_zh_CN
Event: 12.226 loading class sun/awt/resources/awt_zh_CN done
Event: 12.226 loading class sun/awt/resources/awt_zh_Hans
Event: 12.226 loading class sun/awt/resources/awt_zh_Hans done
Event: 12.226 loading class sun/awt/resources/awt_zh_Hans
Event: 12.226 loading class sun/awt/resources/awt_zh_Hans done
Event: 12.226 loading class sun/awt/resources/awt_zh_Hans_CN
Event: 12.226 loading class sun/awt/resources/awt_zh_Hans_CN done
Event: 12.226 loading class sun/awt/resources/awt_zh_Hans_CN
Event: 12.226 loading class sun/awt/resources/awt_zh_Hans_CN done
Event: 12.226 loading class java/awt/Toolkit$2
Event: 12.227 loading class java/awt/Toolkit$2 done
Event: 12.229 Loaded shared library G:\Program Files\Java\jdk-17.0.1\bin\awt.dll
Event: 12.229 loading class java/awt/Toolkit$1
Event: 12.229 loading class java/awt/Toolkit$1 done
Event: 12.230 loading class java/awt/Insets
Event: 12.230 loading class java/awt/Insets done
Event: 12.230 loading class java/awt/GraphicsEnvironment
Event: 12.230 loading class java/awt/GraphicsEnvironment done
Event: 12.246 Loaded shared library C:\Users\Administrator\AppData\Local\Temp\lwjgl_Administrator\3.3.2-snapshot\x64\lwjgl_opengl.dll


Dynamic libraries:
0x00007ff61f310000 - 0x00007ff61f320000 	G:\Program Files\Java\jdk-17.0.1\bin\java.exe
0x00007ffccf330000 - 0x00007ffccf544000 	C:\Windows\SYSTEM32\ntdll.dll
0x00007ffccd960000 - 0x00007ffccda22000 	C:\Windows\System32\KERNEL32.DLL
0x00007ffccc9d0000 - 0x00007ffcccd6c000 	C:\Windows\System32\KERNELBASE.dll
0x00007ffccce60000 - 0x00007ffcccf71000 	C:\Windows\System32\ucrtbase.dll
0x00007ffcb2540000 - 0x00007ffcb2558000 	G:\Program Files\Java\jdk-17.0.1\bin\jli.dll
0x00007ffcb2520000 - 0x00007ffcb253a000 	G:\Program Files\Java\jdk-17.0.1\bin\VCRUNTIME140.dll
0x00007ffcce9e0000 - 0x00007ffccea8e000 	C:\Windows\System32\ADVAPI32.dll
0x00007ffcce300000 - 0x00007ffcce3a7000 	C:\Windows\System32\msvcrt.dll
0x00007ffcce250000 - 0x00007ffcce2f4000 	C:\Windows\System32\sechost.dll
0x00007ffcce550000 - 0x00007ffcce665000 	C:\Windows\System32\RPCRT4.dll
0x00007ffccec50000 - 0x00007ffccedfb000 	C:\Windows\System32\USER32.dll
0x00007ffccce30000 - 0x00007ffccce56000 	C:\Windows\System32\win32u.dll
0x00007ffccd4d0000 - 0x00007ffccd4f9000 	C:\Windows\System32\GDI32.dll
0x00007ffcccf80000 - 0x00007ffccd092000 	C:\Windows\System32\gdi32full.dll
0x00007ffccd0a0000 - 0x00007ffccd13a000 	C:\Windows\System32\msvcp_win.dll
0x00007ffcb9540000 - 0x00007ffcb97ce000 	C:\Windows\WinSxS\amd64_microsoft.windows.common-controls_6595b64144ccf1df_6.0.22621.436_none_a94247dbc10d8414\COMCTL32.dll
0x00007ffcc4e50000 - 0x00007ffcc4e5a000 	C:\Windows\SYSTEM32\VERSION.dll
0x00007ffcce210000 - 0x00007ffcce241000 	C:\Windows\System32\IMM32.DLL
0x00007ffcc12a0000 - 0x00007ffcc12ac000 	G:\Program Files\Java\jdk-17.0.1\bin\vcruntime140_1.dll
0x00007ffc9d460000 - 0x00007ffc9d4ed000 	G:\Program Files\Java\jdk-17.0.1\bin\msvcp140.dll
0x00007ffc8cc90000 - 0x00007ffc8d84e000 	G:\Program Files\Java\jdk-17.0.1\bin\server\jvm.dll
0x00007ffcce670000 - 0x00007ffcce678000 	C:\Windows\System32\PSAPI.DLL
0x00007ffcc9390000 - 0x00007ffcc9399000 	C:\Windows\SYSTEM32\WSOCK32.dll
0x00007ffcc2110000 - 0x00007ffcc2144000 	C:\Windows\SYSTEM32\WINMM.dll
0x00007ffccd8e0000 - 0x00007ffccd951000 	C:\Windows\System32\WS2_32.dll
0x00007ffccb7b0000 - 0x00007ffccb7c8000 	C:\Windows\SYSTEM32\kernel.appcore.dll
0x00007ffcb9960000 - 0x00007ffcb996a000 	G:\Program Files\Java\jdk-17.0.1\bin\jimage.dll
0x00007ffcc28c0000 - 0x00007ffcc2aee000 	C:\Windows\SYSTEM32\DBGHELP.DLL
0x00007ffccd140000 - 0x00007ffccd4c9000 	C:\Windows\System32\combase.dll
0x00007ffccd6f0000 - 0x00007ffccd7c7000 	C:\Windows\System32\OLEAUT32.dll
0x00007ffcc0bd0000 - 0x00007ffcc0c02000 	C:\Windows\SYSTEM32\dbgcore.DLL
0x00007ffccc770000 - 0x00007ffccc7eb000 	C:\Windows\System32\bcryptPrimitives.dll
0x00007ffcb7680000 - 0x00007ffcb768e000 	G:\Program Files\Java\jdk-17.0.1\bin\instrument.dll
0x00007ffcb12c0000 - 0x00007ffcb12e5000 	G:\Program Files\Java\jdk-17.0.1\bin\java.dll
0x00007ffc9bb70000 - 0x00007ffc9bc46000 	G:\Program Files\Java\jdk-17.0.1\bin\svml.dll
0x00007ffccda30000 - 0x00007ffcce20b000 	C:\Windows\System32\SHELL32.dll
0x00007ffcca750000 - 0x00007ffccb004000 	C:\Windows\SYSTEM32\windows.storage.dll
0x00007ffcca610000 - 0x00007ffcca74d000 	C:\Windows\SYSTEM32\wintypes.dll
0x00007ffccd5f0000 - 0x00007ffccd6e1000 	C:\Windows\System32\SHCORE.dll
0x00007ffcce970000 - 0x00007ffcce9ce000 	C:\Windows\System32\shlwapi.dll
0x00007ffccc6a0000 - 0x00007ffccc6c1000 	C:\Windows\SYSTEM32\profapi.dll
0x00007ffcb23b0000 - 0x00007ffcb23c8000 	G:\Program Files\Java\jdk-17.0.1\bin\zip.dll
0x00007ffcb1260000 - 0x00007ffcb1279000 	G:\Program Files\Java\jdk-17.0.1\bin\net.dll
0x00007ffcc5df0000 - 0x00007ffcc5f1f000 	C:\Windows\SYSTEM32\WINHTTP.dll
0x00007ffccbc70000 - 0x00007ffccbcd9000 	C:\Windows\system32\mswsock.dll
0x00007ffca4af0000 - 0x00007ffca4b05000 	G:\Program Files\Java\jdk-17.0.1\bin\nio.dll
0x00007ffcb2990000 - 0x00007ffcb29aa000 	C:\Program Files\JetBrains\IntelliJ IDEA Community Edition 2023.1.3\bin\breakgen64.dll
0x00007ffcb7360000 - 0x00007ffcb7369000 	G:\Program Files\Java\jdk-17.0.1\bin\management.dll
0x00007ffcb6280000 - 0x00007ffcb628b000 	G:\Program Files\Java\jdk-17.0.1\bin\management_ext.dll
0x00007ffcb4270000 - 0x00007ffcb4287000 	C:\Windows\system32\napinsp.dll
0x00007ffcb4290000 - 0x00007ffcb42ab000 	C:\Windows\system32\pnrpnsp.dll
0x00007ffccb2d0000 - 0x00007ffccb3c2000 	C:\Windows\SYSTEM32\DNSAPI.dll
0x00007ffccb2a0000 - 0x00007ffccb2cd000 	C:\Windows\SYSTEM32\IPHLPAPI.DLL
0x00007ffcce690000 - 0x00007ffcce699000 	C:\Windows\System32\NSI.dll
0x00007ffcb42b0000 - 0x00007ffcb42c1000 	C:\Windows\System32\winrnr.dll
0x00007ffcc51a0000 - 0x00007ffcc51b5000 	C:\Windows\system32\wshbth.dll
0x00007ffcb42d0000 - 0x00007ffcb42f1000 	C:\Windows\system32\nlansp_c.dll
0x00007ffcc2c00000 - 0x00007ffcc2c0a000 	C:\Windows\System32\rasadhlp.dll
0x00007ffcc4dc0000 - 0x00007ffcc4e43000 	C:\Windows\System32\fwpuclnt.dll
0x00007ffcb75b0000 - 0x00007ffcb75c0000 	G:\Program Files\Java\jdk-17.0.1\bin\verify.dll
0x00007ffccc000000 - 0x00007ffccc01b000 	C:\Windows\SYSTEM32\CRYPTSP.dll
0x00007ffccb720000 - 0x00007ffccb755000 	C:\Windows\system32\rsaenh.dll
0x00007ffccbd10000 - 0x00007ffccbd38000 	C:\Windows\SYSTEM32\USERENV.dll
0x00007ffccc120000 - 0x00007ffccc148000 	C:\Windows\SYSTEM32\bcrypt.dll
0x00007ffccbfe0000 - 0x00007ffccbfec000 	C:\Windows\SYSTEM32\CRYPTBASE.dll
0x00007ffcc60e0000 - 0x00007ffcc60f9000 	C:\Windows\SYSTEM32\dhcpcsvc6.DLL
0x00007ffcc5dd0000 - 0x00007ffcc5def000 	C:\Windows\SYSTEM32\dhcpcsvc.DLL
0x00007ffca0230000 - 0x00007ffca0275000 	C:\Users\Administrator\AppData\Local\Temp\jna-146731693\jna17254314415727842483.dll
0x00007ffcce3b0000 - 0x00007ffcce54c000 	C:\Windows\System32\Ole32.dll
0x00007ffcce6a0000 - 0x00007ffcce750000 	C:\Windows\System32\clbcatq.dll
0x00007ffcbf5a0000 - 0x00007ffcbf5bd000 	C:\Windows\SYSTEM32\amsi.dll
0x00007ffca4d00000 - 0x00007ffca4d50000 	C:\Windows\SYSTEM32\Pdh.dll
0x00007ffcc17f0000 - 0x00007ffcc1800000 	C:\Windows\System32\perfos.dll
0x00007ffcc9e80000 - 0x00007ffcc9e90000 	C:\Windows\SYSTEM32\pfclient.dll
0x00007ffc9fe60000 - 0x00007ffc9feda000 	C:\Users\Administrator\AppData\Local\Temp\lwjgl_Administrator\3.3.2-snapshot\x64\lwjgl.dll
0x00007ffc5e670000 - 0x00007ffc5e8e0000 	C:\Users\Administrator\AppData\Local\Temp\lwjgl_Administrator\3.3.2-snapshot\x64\jemalloc.dll
0x00007ffcb5ba0000 - 0x00007ffcb5bae000 	G:\Program Files\Java\jdk-17.0.1\bin\sunmscapi.dll
0x00007ffccc7f0000 - 0x00007ffccc956000 	C:\Windows\System32\CRYPT32.dll
0x00007ffccc0f0000 - 0x00007ffccc11d000 	C:\Windows\SYSTEM32\ncrypt.dll
0x00007ffccc0b0000 - 0x00007ffccc0e7000 	C:\Windows\SYSTEM32\NTASN1.dll
0x00007ffc93970000 - 0x00007ffc93aff000 	G:\Program Files\Java\jdk-17.0.1\bin\awt.dll
0x00007ffcc9b90000 - 0x00007ffcc9c26000 	C:\Windows\SYSTEM32\apphelp.dll
0x00007ffc9b610000 - 0x00007ffc9b66e000 	C:\Users\Administrator\AppData\Local\Temp\lwjgl_Administrator\3.3.2-snapshot\x64\lwjgl_opengl.dll
0x00007ffc86320000 - 0x00007ffc86420000 	C:\Windows\SYSTEM32\opengl32.dll
0x00007ffcb6320000 - 0x00007ffcb634d000 	C:\Windows\SYSTEM32\GLU32.dll
0x00007ffcc9e40000 - 0x00007ffcc9e76000 	C:\Windows\SYSTEM32\dxcore.dll
0x00007ffcb8130000 - 0x00007ffcb831f000 	C:\Windows\system32\urlmon.dll
0x00007ffcbad70000 - 0x00007ffcbb021000 	C:\Windows\SYSTEM32\iertutil.dll
0x00007ffcc4bb0000 - 0x00007ffcc4bd8000 	C:\Windows\SYSTEM32\srvcli.dll
0x00007ffccb220000 - 0x00007ffccb22c000 	C:\Windows\SYSTEM32\netutils.dll

dbghelp: loaded successfully - version: 4.0.5 - missing functions: none
symbol engine: initialized successfully - sym options: 0x614 - pdb path: .;G:\Program Files\Java\jdk-17.0.1\bin;C:\Windows\SYSTEM32;C:\Windows\WinSxS\amd64_microsoft.windows.common-controls_6595b64144ccf1df_6.0.22621.436_none_a94247dbc10d8414;G:\Program Files\Java\jdk-17.0.1\bin\server;C:\Program Files\JetBrains\IntelliJ IDEA Community Edition 2023.1.3\bin;C:\Users\Administrator\AppData\Local\Temp\jna-146731693;C:\Users\Administrator\AppData\Local\Temp\lwjgl_Administrator\3.3.2-snapshot\x64

VM Arguments:
jvm_args: -Dfabric.dli.config=C:\Users\Administrator\Desktop\lastcentury-1.20.4\.gradle\loom-cache\launch.cfg -Dfabric.dli.env=client -Dfabric.dli.main=net.fabricmc.loader.impl.launch.knot.KnotClient -javaagent:C:\Program Files\JetBrains\IntelliJ IDEA Community Edition 2023.1.3\lib\idea_rt.jar=56559:C:\Program Files\JetBrains\IntelliJ IDEA Community Edition 2023.1.3\bin -Dfile.encoding=UTF-8 
java_command: net.fabricmc.devlaunchinjector.Main
java_class_path (initial): C:\Users\Administrator\Desktop\lastcentury-1.20.4\build\classes\java\main;C:\Users\Administrator\Desktop\lastcentury-1.20.4\build\resources\main;C:\Users\Administrator\.gradle\caches\modules-2\files-2.1\org.ow2.asm\asm\9.6\aa205cf0a06dbd8e04ece91c0b37c3f5d567546a\asm-9.6.jar;C:\Users\Administrator\.gradle\caches\modules-2\files-2.1\org.ow2.asm\asm-analysis\9.6\9ce6c7b174bd997fc2552dff47964546bd7a5ec3\asm-analysis-9.6.jar;C:\Users\Administrator\.gradle\caches\modules-2\files-2.1\org.ow2.asm\asm-commons\9.6\f1a9e5508eff490744144565c47326c8648be309\asm-commons-9.6.jar;C:\Users\Administrator\.gradle\caches\modules-2\files-2.1\org.ow2.asm\asm-tree\9.6\c0cdda9d211e965d2a4448aa3fd86110f2f8c2de\asm-tree-9.6.jar;C:\Users\Administrator\.gradle\caches\modules-2\files-2.1\org.ow2.asm\asm-util\9.6\f77caf84eb93786a749b2baa40865b9613e3eaee\asm-util-9.6.jar;C:\Users\Administrator\.gradle\caches\modules-2\files-2.1\net.fabricmc\sponge-mixin\0.13.3+mixin.0.8.5\9527e6b0d2449408958fd1302594dc65ec5ade9c\sponge-mixin-0.13.3+mixin.0.8.5.jar;C:\Users\Administrator\.gradle\caches\modules-2\files-2.1\io.github.llamalad7\mixinextras-fabric\0.3.5\3b577be20ea942610b3045e4f0cd909fa415a9d3\mixinextras-fabric-0.3.5.jar;C:\Users\Administrator\.gradle\caches\modules-2\files-2.1\com.github.oshi\oshi-core\6.4.5\943ba26de047eb6b28fff47f5ee939a34eb5fc8e\oshi-core-6.4.5.jar;C:\Users\Administrator\.gradle\caches\modules-2\files-2.1\com.google.code.gson\gson\2.10.1\b3add478d4382b78ea20b1671390a858002feb6c\gson-2.10.1.jar;C:\Users\Administrator\.gradle\caches\modules-2\files-2.1\com.google.guava\failureaccess\1.0.1\1dcf1de382a0bf95a3d8b0849546c88bac1292c9\failureaccess-1.0.1.jar;C:\Users\Administrator\.gradle\caches\modules-2\files-2.1\com.google.guava\guava\32.1.2-jre\5e64ec7e056456bef3a4bc4c6fdaef71e8ab6318\guava-32.1.2-jre.jar;C:\Users\Administrator\.gradle\caches\modules-2\files-2.1\com.ibm.icu\icu4j\73.2\61ad4ef7f9131fcf6d25c34b817f90d6da06c9e9\icu4j-73.2.jar;C:\Users\Admin
Launcher Type: SUN_STANDARD

[Global flags]
     intx CICompilerCount                          = 15                                        {product} {ergonomic}
     uint ConcGCThreads                            = 6                                         {product} {ergonomic}
     uint G1ConcRefinementThreads                  = 23                                        {product} {ergonomic}
   size_t G1HeapRegionSize                         = 8388608                                   {product} {ergonomic}
    uintx GCDrainStackTargetSize                   = 64                                        {product} {ergonomic}
   size_t InitialHeapSize                          = 1073741824                                {product} {ergonomic}
   size_t MarkStackSize                            = 4194304                                   {product} {ergonomic}
   size_t MaxHeapSize                              = 17163091968                               {product} {ergonomic}
   size_t MaxNewSize                               = 10292822016                               {product} {ergonomic}
   size_t MinHeapDeltaBytes                        = 8388608                                   {product} {ergonomic}
   size_t MinHeapSize                              = 8388608                                   {product} {ergonomic}
    uintx NonNMethodCodeHeapSize                   = 8192380                                {pd product} {ergonomic}
    uintx NonProfiledCodeHeapSize                  = 121732930                              {pd product} {ergonomic}
    uintx ProfiledCodeHeapSize                     = 121732930                              {pd product} {ergonomic}
    uintx ReservedCodeCacheSize                    = 251658240                              {pd product} {ergonomic}
     bool SegmentedCodeCache                       = true                                      {product} {ergonomic}
   size_t SoftMaxHeapSize                          = 17163091968                            {manageable} {ergonomic}
     bool UseCompressedClassPointers               = true                           {product lp64_product} {ergonomic}
     bool UseCompressedOops                        = true                           {product lp64_product} {ergonomic}
     bool UseG1GC                                  = true                                      {product} {ergonomic}
     bool UseLargePagesIndividualAllocation        = false                                  {pd product} {ergonomic}

Logging:
Log output configuration:
 #0: stdout all=warning uptime,level,tags
 #1: stderr all=off uptime,level,tags

Environment Variables:
PATH=C:\Users\Administrator\AppData\Local\Programs\Python\Python310\Scripts;C:\Users\Administrator\AppData\Local\Programs\Python\Python310;E:\\\Git\bin;C:\Windows\System32;E:\java11\bin;E:\cmake\bin;G:\Go\bin;G:\Node;E:\vcpkg\vcpkg;G:\Microsoft VS Code;G:\Microsoft VS Code\bin;
USERNAME=Administrator
OS=Windows_NT
PROCESSOR_IDENTIFIER=AMD64 Family 25 Model 33 Stepping 0, AuthenticAMD



---------------  S Y S T E M  ---------------

OS:
 Windows 10 , 64 bit Build 22621 (10.0.22621.436)
OS uptime: 13 days 14:47 hours
Hyper-V role detected

CPU: total 32 (initial active 32) (32 cores per cpu, 2 threads per core) family 25 model 33 stepping 0 microcode 0x0, cx8, cmov, fxsr, ht, mmx, 3dnowpref, sse, sse2, sse3, ssse3, sse4a, sse4.1, sse4.2, popcnt, lzcnt, tsc, tscinvbit, avx, avx2, aes, erms, clmul, bmi1, bmi2, adx, sha, fma, vzeroupper, clflush, clflushopt, hv

Memory: 4k page, system-wide physical 65440M (37646M free)
TotalPageFile size 69536M (AvailPageFile size 33841M)
current process WorkingSet (physical memory assigned to process): 750M, peak: 782M
current process commit charge ("private bytes"): 841M, peak: 1322M

vm_info: Java HotSpot(TM) 64-Bit Server VM (17.0.1+12-LTS-39) for windows-amd64 JRE (17.0.1+12-LTS-39), built on Sep 27 2021 18:41:35 by "mach5one" with MS VC++ 16.8 (VS2019)

END.
